<?xml version="1.0" encoding="UTF-8"?>
<coverage generated="1766313023696" clover="3.2.0">
  <project timestamp="1766313023696" name="All files">
    <metrics statements="349" coveredstatements="178" conditionals="173" coveredconditionals="71" methods="74" coveredmethods="39" elements="596" coveredelements="288" complexity="0" loc="349" ncloc="349" packages="9" files="13" classes="13"/>
    <package name=".storybook">
      <metrics statements="4" coveredstatements="4" conditionals="4" coveredconditionals="2" methods="1" coveredmethods="1"/>
      <file name="preview.tsx" path="/Users/katsuya.yoshizumi/git-usapo/paint/.storybook/preview.tsx">
        <metrics statements="4" coveredstatements="4" conditionals="4" coveredconditionals="2" methods="1" coveredmethods="1"/>
        <line num="1" count="8" type="stmt"/>
        <line num="7" count="8" type="stmt"/>
        <line num="25" count="54" type="cond" truecount="1" falsecount="1"/>
        <line num="28" count="54" type="stmt"/>
      </file>
    </package>
    <package name="src">
      <metrics statements="0" coveredstatements="0" conditionals="0" coveredconditionals="0" methods="0" coveredmethods="0"/>
      <file name="index.css" path="/Users/katsuya.yoshizumi/git-usapo/paint/src/index.css">
        <metrics statements="0" coveredstatements="0" conditionals="0" coveredconditionals="0" methods="0" coveredmethods="0"/>
      </file>
    </package>
    <package name="src.components">
      <metrics statements="4" coveredstatements="4" conditionals="4" coveredconditionals="4" methods="1" coveredmethods="1"/>
      <file name="ThemeToggle.tsx" path="/Users/katsuya.yoshizumi/git-usapo/paint/src/components/ThemeToggle.tsx">
        <metrics statements="4" coveredstatements="4" conditionals="4" coveredconditionals="4" methods="1" coveredmethods="1"/>
        <line num="10" count="1" type="stmt"/>
        <line num="11" count="2" type="cond" truecount="2" falsecount="0"/>
        <line num="13" count="2" type="stmt"/>
        <line num="22" count="1" type="cond" truecount="2" falsecount="0"/>
      </file>
    </package>
    <package name="src.components.ui">
      <metrics statements="22" coveredstatements="21" conditionals="35" coveredconditionals="30" methods="16" coveredmethods="15"/>
      <file name="button.tsx" path="/Users/katsuya.yoshizumi/git-usapo/paint/src/components/ui/button.tsx">
        <metrics statements="5" coveredstatements="5" conditionals="10" coveredconditionals="9" methods="2" coveredmethods="2"/>
        <line num="1" count="5" type="cond" truecount="4" falsecount="1"/>
        <line num="7" count="5" type="stmt"/>
        <line num="49" count="76" type="cond" truecount="2" falsecount="0"/>
        <line num="51" count="76" type="stmt"/>
        <line num="52" count="5" type="stmt"/>
      </file>
      <file name="popover.tsx" path="/Users/katsuya.yoshizumi/git-usapo/paint/src/components/ui/popover.tsx">
        <metrics statements="5" coveredstatements="4" conditionals="7" coveredconditionals="6" methods="5" coveredmethods="4"/>
        <line num="1" count="1" type="cond" truecount="4" falsecount="1"/>
        <line num="9" count="7" type="stmt"/>
        <line num="15" count="7" type="stmt"/>
        <line num="24" count="7" type="stmt"/>
        <line num="43" count="0" type="stmt"/>
      </file>
      <file name="slider.tsx" path="/Users/katsuya.yoshizumi/git-usapo/paint/src/components/ui/slider.tsx">
        <metrics statements="6" coveredstatements="6" conditionals="11" coveredconditionals="9" methods="4" coveredmethods="4"/>
        <line num="1" count="1" type="cond" truecount="4" falsecount="1"/>
        <line num="14" count="9" type="stmt"/>
        <line num="16" count="9" type="cond" truecount="2" falsecount="0"/>
        <line num="24" count="9" type="stmt"/>
        <line num="43" count="1" type="stmt"/>
        <line num="51" count="10" type="stmt"/>
      </file>
      <file name="tooltip.tsx" path="/Users/katsuya.yoshizumi/git-usapo/paint/src/components/ui/tooltip.tsx">
        <metrics statements="6" coveredstatements="6" conditionals="7" coveredconditionals="6" methods="5" coveredmethods="5"/>
        <line num="1" count="2" type="cond" truecount="4" falsecount="1"/>
        <line num="10" count="12" type="stmt"/>
        <line num="11" count="2" type="stmt"/>
        <line num="22" count="12" type="stmt"/>
        <line num="32" count="12" type="stmt"/>
        <line num="41" count="12" type="stmt"/>
      </file>
    </package>
    <package name="src.features.canvas.components">
      <metrics statements="65" coveredstatements="33" conditionals="36" coveredconditionals="14" methods="14" coveredmethods="5"/>
      <file name="Canvas.tsx" path="/Users/katsuya.yoshizumi/git-usapo/paint/src/features/canvas/components/Canvas.tsx">
        <metrics statements="65" coveredstatements="33" conditionals="36" coveredconditionals="14" methods="14" coveredmethods="5"/>
        <line num="1" count="1" type="stmt"/>
        <line num="19" count="1" type="cond" truecount="1" falsecount="0"/>
        <line num="20" count="4" type="stmt"/>
        <line num="22" count="4" type="cond" truecount="1" falsecount="1"/>
        <line num="23" count="4" type="stmt"/>
        <line num="29" count="4" type="stmt"/>
        <line num="30" count="4" type="stmt"/>
        <line num="33" count="1" type="stmt"/>
        <line num="46" count="8" type="stmt"/>
        <line num="47" count="8" type="stmt"/>
        <line num="48" count="8" type="stmt"/>
        <line num="49" count="8" type="stmt"/>
        <line num="51" count="8" type="stmt"/>
        <line num="52" count="4" type="stmt"/>
        <line num="57" count="8" type="stmt"/>
        <line num="58" count="4" type="cond" truecount="1" falsecount="1"/>
        <line num="59" count="4" type="stmt"/>
        <line num="60" count="4" type="stmt"/>
        <line num="63" count="0" type="stmt"/>
        <line num="64" count="0" type="cond" truecount="0" falsecount="2"/>
        <line num="66" count="0" type="stmt"/>
        <line num="67" count="0" type="stmt"/>
        <line num="68" count="0" type="cond" truecount="0" falsecount="2"/>
        <line num="69" count="0" type="stmt"/>
        <line num="76" count="0" type="stmt"/>
        <line num="77" count="0" type="stmt"/>
        <line num="80" count="8" type="stmt"/>
        <line num="81" count="4" type="stmt"/>
        <line num="82" count="4" type="stmt"/>
        <line num="83" count="4" type="cond" truecount="3" falsecount="1"/>
        <line num="85" count="4" type="stmt"/>
        <line num="88" count="8" type="stmt"/>
        <line num="90" count="0" type="stmt"/>
        <line num="91" count="0" type="cond" truecount="0" falsecount="2"/>
        <line num="93" count="0" type="stmt"/>
        <line num="94" count="0" type="cond" truecount="0" falsecount="2"/>
        <line num="95" count="0" type="cond" truecount="0" falsecount="2"/>
        <line num="96" count="0" type="stmt"/>
        <line num="104" count="8" type="stmt"/>
        <line num="106" count="0" type="stmt"/>
        <line num="107" count="0" type="stmt"/>
        <line num="112" count="8" type="stmt"/>
        <line num="114" count="0" type="cond" truecount="0" falsecount="2"/>
        <line num="115" count="0" type="stmt"/>
        <line num="120" count="8" type="stmt"/>
        <line num="121" count="0" type="cond" truecount="0" falsecount="2"/>
        <line num="122" count="0" type="stmt"/>
        <line num="123" count="0" type="stmt"/>
        <line num="126" count="8" type="stmt"/>
        <line num="128" count="0" type="stmt"/>
        <line num="129" count="0" type="stmt"/>
        <line num="130" count="0" type="stmt"/>
        <line num="135" count="8" type="stmt"/>
        <line num="137" count="0" type="stmt"/>
        <line num="138" count="0" type="cond" truecount="0" falsecount="2"/>
        <line num="139" count="0" type="stmt"/>
        <line num="144" count="8" type="stmt"/>
        <line num="146" count="0" type="stmt"/>
        <line num="147" count="0" type="cond" truecount="0" falsecount="2"/>
        <line num="148" count="0" type="stmt"/>
        <line num="149" count="0" type="stmt"/>
        <line num="154" count="8" type="cond" truecount="1" falsecount="1"/>
        <line num="155" count="0" type="stmt"/>
        <line num="157" count="1" type="stmt"/>
        <line num="174" count="8" type="stmt"/>
      </file>
    </package>
    <package name="src.features.canvas.utils">
      <metrics statements="16" coveredstatements="16" conditionals="2" coveredconditionals="1" methods="4" coveredmethods="4"/>
      <file name="renderer.ts" path="/Users/katsuya.yoshizumi/git-usapo/paint/src/features/canvas/utils/renderer.ts">
        <metrics statements="16" coveredstatements="16" conditionals="2" coveredconditionals="1" methods="4" coveredmethods="4"/>
        <line num="3" count="1" type="stmt"/>
        <line num="4" count="4" type="cond" truecount="1" falsecount="1"/>
        <line num="6" count="4" type="stmt"/>
        <line num="7" count="4" type="stmt"/>
        <line num="8" count="4" type="stmt"/>
        <line num="9" count="4" type="stmt"/>
        <line num="10" count="4" type="stmt"/>
        <line num="12" count="4" type="stmt"/>
        <line num="13" count="4" type="stmt"/>
        <line num="15" count="4" type="stmt"/>
        <line num="16" count="10" type="stmt"/>
        <line num="19" count="4" type="stmt"/>
        <line num="22" count="1" type="stmt"/>
        <line num="29" count="4" type="stmt"/>
        <line num="30" count="4" type="stmt"/>
        <line num="31" count="4" type="stmt"/>
      </file>
    </package>
    <package name="src.features.color.components">
      <metrics statements="234" coveredstatements="96" conditionals="92" coveredconditionals="20" methods="36" coveredmethods="11"/>
      <file name="ColorPicker.tsx" path="/Users/katsuya.yoshizumi/git-usapo/paint/src/features/color/components/ColorPicker.tsx">
        <metrics statements="111" coveredstatements="47" conditionals="43" coveredconditionals="10" methods="16" coveredmethods="5"/>
        <line num="1" count="1" type="stmt"/>
        <line num="10" count="1" type="stmt"/>
        <line num="11" count="1" type="stmt"/>
        <line num="12" count="1" type="stmt"/>
        <line num="15" count="1" type="stmt"/>
        <line num="16" count="0" type="stmt"/>
        <line num="17" count="0" type="stmt"/>
        <line num="18" count="0" type="stmt"/>
        <line num="19" count="0" type="stmt"/>
        <line num="20" count="0" type="stmt"/>
        <line num="22" count="0" type="stmt"/>
        <line num="23" count="0" type="cond" truecount="0" falsecount="4"/>
        <line num="24" count="0" type="cond" truecount="0" falsecount="2"/>
        <line num="25" count="0" type="cond" truecount="0" falsecount="2"/>
        <line num="26" count="0" type="cond" truecount="0" falsecount="2"/>
        <line num="27" count="0" type="stmt"/>
        <line num="28" count="0" type="stmt"/>
        <line num="30" count="0" type="stmt"/>
        <line num="31" count="0" type="stmt"/>
        <line num="35" count="1" type="stmt"/>
        <line num="36" count="6" type="stmt"/>
        <line num="37" count="6" type="cond" truecount="1" falsecount="1"/>
        <line num="39" count="6" type="stmt"/>
        <line num="40" count="6" type="stmt"/>
        <line num="41" count="6" type="stmt"/>
        <line num="43" count="6" type="stmt"/>
        <line num="44" count="6" type="stmt"/>
        <line num="45" count="6" type="stmt"/>
        <line num="46" count="6" type="stmt"/>
        <line num="47" count="6" type="cond" truecount="2" falsecount="0"/>
        <line num="49" count="6" type="cond" truecount="2" falsecount="0"/>
        <line num="50" count="1" type="stmt"/>
        <line num="53" count="5" type="stmt"/>
        <line num="54" count="5" type="cond" truecount="3" falsecount="0"/>
        <line num="56" count="2" type="cond" truecount="1" falsecount="1"/>
        <line num="58" count="1" type="stmt"/>
        <line num="60" count="2" type="stmt"/>
        <line num="64" count="5" type="stmt"/>
        <line num="69" count="1" type="stmt"/>
        <line num="70" count="7" type="stmt"/>
        <line num="71" count="7" type="stmt"/>
        <line num="72" count="7" type="stmt"/>
        <line num="73" count="7" type="stmt"/>
        <line num="75" count="7" type="stmt"/>
        <line num="76" count="0" type="stmt"/>
        <line num="77" count="0" type="cond" truecount="0" falsecount="2"/>
        <line num="79" count="0" type="stmt"/>
        <line num="80" count="0" type="stmt"/>
        <line num="81" count="0" type="stmt"/>
        <line num="82" count="0" type="stmt"/>
        <line num="83" count="0" type="stmt"/>
        <line num="84" count="0" type="stmt"/>
        <line num="86" count="0" type="stmt"/>
        <line num="89" count="7" type="stmt"/>
        <line num="90" count="0" type="stmt"/>
        <line num="91" count="0" type="stmt"/>
        <line num="92" count="0" type="stmt"/>
        <line num="93" count="0" type="stmt"/>
        <line num="94" count="0" type="stmt"/>
        <line num="95" count="0" type="stmt"/>
        <line num="98" count="7" type="stmt"/>
        <line num="99" count="0" type="stmt"/>
        <line num="100" count="0" type="stmt"/>
        <line num="101" count="0" type="stmt"/>
        <line num="102" count="0" type="stmt"/>
        <line num="103" count="0" type="stmt"/>
        <line num="106" count="7" type="stmt"/>
        <line num="108" count="0" type="stmt"/>
        <line num="109" count="0" type="cond" truecount="0" falsecount="2"/>
        <line num="111" count="0" type="stmt"/>
        <line num="112" count="0" type="stmt"/>
        <line num="113" count="0" type="stmt"/>
        <line num="116" count="0" type="stmt"/>
        <line num="117" count="0" type="cond" truecount="0" falsecount="4"/>
        <line num="118" count="0" type="stmt"/>
        <line num="119" count="0" type="stmt"/>
        <line num="120" count="0" type="cond" truecount="0" falsecount="4"/>
        <line num="121" count="0" type="stmt"/>
        <line num="122" count="0" type="stmt"/>
        <line num="128" count="7" type="stmt"/>
        <line num="130" count="0" type="stmt"/>
        <line num="131" count="0" type="stmt"/>
        <line num="136" count="7" type="stmt"/>
        <line num="138" count="0" type="stmt"/>
        <line num="139" count="0" type="stmt"/>
        <line num="144" count="7" type="stmt"/>
        <line num="146" count="0" type="cond" truecount="0" falsecount="2"/>
        <line num="148" count="0" type="stmt"/>
        <line num="149" count="0" type="cond" truecount="0" falsecount="2"/>
        <line num="151" count="0" type="stmt"/>
        <line num="153" count="0" type="cond" truecount="0" falsecount="2"/>
        <line num="154" count="0" type="stmt"/>
        <line num="155" count="0" type="cond" truecount="0" falsecount="2"/>
        <line num="156" count="0" type="stmt"/>
        <line num="162" count="7" type="stmt"/>
        <line num="163" count="0" type="stmt"/>
        <line num="166" count="7" type="stmt"/>
        <line num="167" count="6" type="cond" truecount="1" falsecount="1"/>
        <line num="169" count="0" type="stmt"/>
        <line num="170" count="0" type="stmt"/>
        <line num="172" count="0" type="stmt"/>
        <line num="173" count="0" type="stmt"/>
        <line num="174" count="0" type="stmt"/>
        <line num="179" count="7" type="stmt"/>
        <line num="180" count="7" type="stmt"/>
        <line num="181" count="7" type="stmt"/>
        <line num="182" count="7" type="stmt"/>
        <line num="184" count="7" type="stmt"/>
        <line num="185" count="7" type="stmt"/>
        <line num="187" count="7" type="stmt"/>
        <line num="197" count="1" type="stmt"/>
      </file>
      <file name="ColorWheel.tsx" path="/Users/katsuya.yoshizumi/git-usapo/paint/src/features/color/components/ColorWheel.tsx">
        <metrics statements="123" coveredstatements="49" conditionals="49" coveredconditionals="10" methods="20" coveredmethods="6"/>
        <line num="1" count="1" type="stmt"/>
        <line num="8" count="1" type="stmt"/>
        <line num="9" count="1" type="stmt"/>
        <line num="10" count="1" type="stmt"/>
        <line num="13" count="1" type="stmt"/>
        <line num="14" count="0" type="stmt"/>
        <line num="15" count="0" type="stmt"/>
        <line num="16" count="0" type="stmt"/>
        <line num="17" count="0" type="stmt"/>
        <line num="18" count="0" type="stmt"/>
        <line num="20" count="0" type="stmt"/>
        <line num="21" count="0" type="cond" truecount="0" falsecount="4"/>
        <line num="22" count="0" type="cond" truecount="0" falsecount="2"/>
        <line num="23" count="0" type="cond" truecount="0" falsecount="2"/>
        <line num="24" count="0" type="cond" truecount="0" falsecount="2"/>
        <line num="25" count="0" type="stmt"/>
        <line num="26" count="0" type="stmt"/>
        <line num="28" count="0" type="stmt"/>
        <line num="29" count="0" type="stmt"/>
        <line num="33" count="1" type="stmt"/>
        <line num="34" count="8" type="stmt"/>
        <line num="35" count="8" type="cond" truecount="1" falsecount="1"/>
        <line num="37" count="8" type="stmt"/>
        <line num="38" count="8" type="stmt"/>
        <line num="39" count="8" type="stmt"/>
        <line num="41" count="8" type="stmt"/>
        <line num="42" count="8" type="stmt"/>
        <line num="43" count="8" type="stmt"/>
        <line num="44" count="8" type="stmt"/>
        <line num="45" count="8" type="cond" truecount="2" falsecount="0"/>
        <line num="47" count="8" type="cond" truecount="2" falsecount="0"/>
        <line num="48" count="1" type="stmt"/>
        <line num="51" count="7" type="stmt"/>
        <line num="52" count="7" type="cond" truecount="3" falsecount="0"/>
        <line num="54" count="3" type="cond" truecount="1" falsecount="1"/>
        <line num="56" count="1" type="stmt"/>
        <line num="58" count="3" type="stmt"/>
        <line num="62" count="7" type="stmt"/>
        <line num="68" count="1" type="stmt"/>
        <line num="69" count="0" type="stmt"/>
        <line num="73" count="1" type="stmt"/>
        <line num="74" count="0" type="cond" truecount="0" falsecount="2"/>
        <line num="75" count="0" type="cond" truecount="0" falsecount="2"/>
        <line num="77" count="0" type="stmt"/>
        <line num="79" count="0" type="stmt"/>
        <line num="82" count="1" type="stmt"/>
        <line num="83" count="8" type="stmt"/>
        <line num="84" count="8" type="stmt"/>
        <line num="85" count="8" type="stmt"/>
        <line num="87" count="8" type="stmt"/>
        <line num="88" count="0" type="stmt"/>
        <line num="89" count="0" type="cond" truecount="0" falsecount="2"/>
        <line num="91" count="0" type="stmt"/>
        <line num="92" count="0" type="stmt"/>
        <line num="93" count="0" type="stmt"/>
        <line num="94" count="0" type="stmt"/>
        <line num="95" count="0" type="stmt"/>
        <line num="96" count="0" type="stmt"/>
        <line num="98" count="0" type="stmt"/>
        <line num="101" count="8" type="stmt"/>
        <line num="102" count="0" type="stmt"/>
        <line num="103" count="0" type="stmt"/>
        <line num="104" count="0" type="stmt"/>
        <line num="105" count="0" type="stmt"/>
        <line num="106" count="0" type="stmt"/>
        <line num="107" count="0" type="stmt"/>
        <line num="110" count="8" type="stmt"/>
        <line num="111" count="0" type="stmt"/>
        <line num="112" count="0" type="stmt"/>
        <line num="113" count="0" type="stmt"/>
        <line num="114" count="0" type="stmt"/>
        <line num="115" count="0" type="stmt"/>
        <line num="118" count="8" type="stmt"/>
        <line num="120" count="0" type="stmt"/>
        <line num="121" count="0" type="cond" truecount="0" falsecount="2"/>
        <line num="123" count="0" type="stmt"/>
        <line num="124" count="0" type="stmt"/>
        <line num="125" count="0" type="stmt"/>
        <line num="127" count="0" type="stmt"/>
        <line num="128" count="0" type="cond" truecount="0" falsecount="4"/>
        <line num="129" count="0" type="stmt"/>
        <line num="130" count="0" type="stmt"/>
        <line num="131" count="0" type="cond" truecount="0" falsecount="4"/>
        <line num="132" count="0" type="stmt"/>
        <line num="133" count="0" type="stmt"/>
        <line num="139" count="8" type="stmt"/>
        <line num="141" count="0" type="stmt"/>
        <line num="142" count="0" type="stmt"/>
        <line num="147" count="8" type="stmt"/>
        <line num="149" count="0" type="stmt"/>
        <line num="150" count="0" type="stmt"/>
        <line num="155" count="8" type="stmt"/>
        <line num="157" count="0" type="cond" truecount="0" falsecount="2"/>
        <line num="159" count="0" type="stmt"/>
        <line num="160" count="0" type="cond" truecount="0" falsecount="2"/>
        <line num="162" count="0" type="stmt"/>
        <line num="164" count="0" type="cond" truecount="0" falsecount="2"/>
        <line num="165" count="0" type="stmt"/>
        <line num="166" count="0" type="cond" truecount="0" falsecount="2"/>
        <line num="167" count="0" type="stmt"/>
        <line num="173" count="8" type="stmt"/>
        <line num="174" count="0" type="stmt"/>
        <line num="177" count="8" type="stmt"/>
        <line num="178" count="8" type="cond" truecount="1" falsecount="1"/>
        <line num="180" count="0" type="stmt"/>
        <line num="181" count="0" type="stmt"/>
        <line num="183" count="0" type="stmt"/>
        <line num="184" count="0" type="stmt"/>
        <line num="185" count="0" type="stmt"/>
        <line num="190" count="8" type="stmt"/>
        <line num="191" count="8" type="stmt"/>
        <line num="192" count="8" type="stmt"/>
        <line num="193" count="8" type="stmt"/>
        <line num="195" count="8" type="stmt"/>
        <line num="196" count="8" type="stmt"/>
        <line num="198" count="8" type="stmt"/>
        <line num="207" count="1" type="stmt"/>
        <line num="278" count="0" type="stmt"/>
        <line num="279" count="0" type="cond" truecount="0" falsecount="2"/>
        <line num="280" count="0" type="stmt"/>
        <line num="281" count="0" type="stmt"/>
        <line num="282" count="0" type="stmt"/>
        <line num="286" count="1" type="stmt"/>
      </file>
    </package>
    <package name="src.features.toolbar.components">
      <metrics statements="3" coveredstatements="3" conditionals="0" coveredconditionals="0" methods="1" coveredmethods="1"/>
      <file name="Toolbar.tsx" path="/Users/katsuya.yoshizumi/git-usapo/paint/src/features/toolbar/components/Toolbar.tsx">
        <metrics statements="3" coveredstatements="3" conditionals="0" coveredconditionals="0" methods="1" coveredmethods="1"/>
        <line num="11" count="1" type="stmt"/>
        <line num="18" count="6" type="stmt"/>
        <line num="20" count="1" type="stmt"/>
      </file>
    </package>
    <package name="src.lib">
      <metrics statements="1" coveredstatements="1" conditionals="0" coveredconditionals="0" methods="1" coveredmethods="1"/>
      <file name="utils.ts" path="/Users/katsuya.yoshizumi/git-usapo/paint/src/lib/utils.ts">
        <metrics statements="1" coveredstatements="1" conditionals="0" coveredconditionals="0" methods="1" coveredmethods="1"/>
        <line num="5" count="122" type="stmt"/>
      </file>
    </package>
  </project>
</coverage>
