{"total": {"lines":{"total":358,"covered":192,"skipped":0,"pct":53.63},"statements":{"total":424,"covered":199,"skipped":0,"pct":46.93},"functions":{"total":77,"covered":43,"skipped":0,"pct":55.84},"branches":{"total":183,"covered":84,"skipped":0,"pct":45.9},"branchesTrue":{"total":0,"covered":0,"skipped":0,"pct":100}}
,"/Users/katsuya.yoshizumi/git-usapo/paint/.storybook/preview.tsx": {"lines":{"total":4,"covered":4,"skipped":0,"pct":100},"functions":{"total":1,"covered":1,"skipped":0,"pct":100},"statements":{"total":5,"covered":5,"skipped":0,"pct":100},"branches":{"total":4,"covered":2,"skipped":0,"pct":50}}
,"/Users/katsuya.yoshizumi/git-usapo/paint/src/index.css": {"lines":{"total":0,"covered":0,"skipped":0,"pct":100},"functions":{"total":0,"covered":0,"skipped":0,"pct":100},"statements":{"total":0,"covered":0,"skipped":0,"pct":100},"branches":{"total":0,"covered":0,"skipped":0,"pct":100}}
,"/Users/katsuya.yoshizumi/git-usapo/paint/src/components/LocaleToggle.tsx": {"lines":{"total":3,"covered":3,"skipped":0,"pct":100},"functions":{"total":1,"covered":1,"skipped":0,"pct":100},"statements":{"total":3,"covered":3,"skipped":0,"pct":100},"branches":{"total":4,"covered":4,"skipped":0,"pct":100}}
,"/Users/katsuya.yoshizumi/git-usapo/paint/src/components/ThemeToggle.tsx": {"lines":{"total":4,"covered":4,"skipped":0,"pct":100},"functions":{"total":1,"covered":1,"skipped":0,"pct":100},"statements":{"total":4,"covered":4,"skipped":0,"pct":100},"branches":{"total":4,"covered":4,"skipped":0,"pct":100}}
,"/Users/katsuya.yoshizumi/git-usapo/paint/src/components/ui/button.tsx": {"lines":{"total":5,"covered":5,"skipped":0,"pct":100},"functions":{"total":2,"covered":2,"skipped":0,"pct":100},"statements":{"total":5,"covered":5,"skipped":0,"pct":100},"branches":{"total":10,"covered":9,"skipped":0,"pct":90}}
,"/Users/katsuya.yoshizumi/git-usapo/paint/src/components/ui/popover.tsx": {"lines":{"total":5,"covered":4,"skipped":0,"pct":80},"functions":{"total":5,"covered":4,"skipped":0,"pct":80},"statements":{"total":6,"covered":5,"skipped":0,"pct":83.33},"branches":{"total":7,"covered":6,"skipped":0,"pct":85.71}}
,"/Users/katsuya.yoshizumi/git-usapo/paint/src/components/ui/slider.tsx": {"lines":{"total":6,"covered":6,"skipped":0,"pct":100},"functions":{"total":4,"covered":4,"skipped":0,"pct":100},"statements":{"total":6,"covered":6,"skipped":0,"pct":100},"branches":{"total":11,"covered":9,"skipped":0,"pct":81.81}}
,"/Users/katsuya.yoshizumi/git-usapo/paint/src/components/ui/tooltip.tsx": {"lines":{"total":6,"covered":6,"skipped":0,"pct":100},"functions":{"total":5,"covered":5,"skipped":0,"pct":100},"statements":{"total":6,"covered":6,"skipped":0,"pct":100},"branches":{"total":7,"covered":6,"skipped":0,"pct":85.71}}
,"/Users/katsuya.yoshizumi/git-usapo/paint/src/features/canvas/components/Canvas.tsx": {"lines":{"total":65,"covered":44,"skipped":0,"pct":67.69},"functions":{"total":14,"covered":8,"skipped":0,"pct":57.14},"statements":{"total":73,"covered":44,"skipped":0,"pct":60.27},"branches":{"total":36,"covered":19,"skipped":0,"pct":52.77}}
,"/Users/katsuya.yoshizumi/git-usapo/paint/src/features/canvas/utils/renderer.ts": {"lines":{"total":16,"covered":16,"skipped":0,"pct":100},"functions":{"total":4,"covered":4,"skipped":0,"pct":100},"statements":{"total":18,"covered":17,"skipped":0,"pct":94.44},"branches":{"total":2,"covered":1,"skipped":0,"pct":50}}
,"/Users/katsuya.yoshizumi/git-usapo/paint/src/features/color/components/ColorPicker.tsx": {"lines":{"total":111,"covered":47,"skipped":0,"pct":42.34},"functions":{"total":16,"covered":5,"skipped":0,"pct":31.25},"statements":{"total":138,"covered":49,"skipped":0,"pct":35.5},"branches":{"total":43,"covered":10,"skipped":0,"pct":23.25}}
,"/Users/katsuya.yoshizumi/git-usapo/paint/src/features/color/components/ColorWheel.tsx": {"lines":{"total":129,"covered":49,"skipped":0,"pct":37.98},"functions":{"total":22,"covered":6,"skipped":0,"pct":27.27},"statements":{"total":156,"covered":51,"skipped":0,"pct":32.69},"branches":{"total":51,"covered":10,"skipped":0,"pct":19.6}}
,"/Users/katsuya.yoshizumi/git-usapo/paint/src/features/toolbar/components/Toolbar.tsx": {"lines":{"total":3,"covered":3,"skipped":0,"pct":100},"functions":{"total":1,"covered":1,"skipped":0,"pct":100},"statements":{"total":3,"covered":3,"skipped":0,"pct":100},"branches":{"total":4,"covered":4,"skipped":0,"pct":100}}
,"/Users/katsuya.yoshizumi/git-usapo/paint/src/lib/utils.ts": {"lines":{"total":1,"covered":1,"skipped":0,"pct":100},"functions":{"total":1,"covered":1,"skipped":0,"pct":100},"statements":{"total":1,"covered":1,"skipped":0,"pct":100},"branches":{"total":0,"covered":0,"skipped":0,"pct":100}}
}
