{"/Users/katsuya.yoshizumi/git-usapo/paint/.storybook/preview.tsx": {"path":"/Users/katsuya.yoshizumi/git-usapo/paint/.storybook/preview.tsx","statementMap":{"0":{"start":{"line":1,"column":18},"end":{"line":1,"column":null}},"1":{"start":{"line":7,"column":25},"end":{"line":40,"column":null}},"2":{"start":{"line":25,"column":12},"end":{"line":25,"column":null}},"3":{"start":{"line":28,"column":8},"end":{"line":28,"column":9}},"4":{"start":{"line":28,"column":8},"end":{"line":32,"column":null}}},"fnMap":{"0":{"name":"(anonymous_0)","decl":{"start":{"line":24,"column":12},"end":{"line":24,"column":20}},"loc":{"start":{"line":24,"column":28},"end":{"line":32,"column":null}},"line":24}},"branchMap":{"0":{"loc":{"start":{"line":25,"column":12},"end":{"line":25,"column":null}},"type":"binary-expr","locations":[{"start":{"line":25,"column":12},"end":{"line":25,"column":null}},{"start":{"line":25,"column":31},"end":{"line":25,"column":null}}],"line":25},"1":{"loc":{"start":{"line":29,"column":17},"end":{"line":29,"column":null}},"type":"cond-expr","locations":[{"start":{"line":29,"column":17},"end":{"line":29,"column":null}},{"start":{"line":29,"column":17},"end":{"line":29,"column":null}}],"line":29}},"s":{"0":8,"1":8,"2":54,"3":54,"4":54},"f":{"0":54},"b":{"0":[54,0],"1":[54,0]},"meta":{"lastBranch":2,"lastFunction":1,"lastStatement":5,"seen":{"s:1:18:1:Infinity":0,"s:7:25:40:Infinity":1,"f:24:12:24:20":0,"s:25:12:25:Infinity":2,"b:25:12:25:Infinity:25:31:25:Infinity":0,"s:28:8:28:9":3,"s:28:8:32:Infinity":4,"b:29:17:29:Infinity:29:17:29:Infinity":1}}}
,"/Users/katsuya.yoshizumi/git-usapo/paint/src/index.css": {"path":"/Users/katsuya.yoshizumi/git-usapo/paint/src/index.css","statementMap":{},"fnMap":{},"branchMap":{},"s":{},"f":{},"b":{},"meta":{"lastBranch":0,"lastFunction":0,"lastStatement":0,"seen":{}}}
,"/Users/katsuya.yoshizumi/git-usapo/paint/src/components/ThemeToggle.tsx": {"path":"/Users/katsuya.yoshizumi/git-usapo/paint/src/components/ThemeToggle.tsx","statementMap":{"0":{"start":{"line":22,"column":20},"end":{"line":22,"column":21}},"1":{"start":{"line":10,"column":27},"end":{"line":30,"column":null}},"2":{"start":{"line":11,"column":16},"end":{"line":11,"column":null}},"3":{"start":{"line":13,"column":2},"end":{"line":28,"column":null}}},"fnMap":{"0":{"name":"(anonymous_0)","decl":{"start":{"line":10,"column":27},"end":{"line":10,"column":28}},"loc":{"start":{"line":10,"column":71},"end":{"line":30,"column":null}},"line":10}},"branchMap":{"0":{"loc":{"start":{"line":11,"column":16},"end":{"line":11,"column":null}},"type":"cond-expr","locations":[{"start":{"line":11,"column":25},"end":{"line":11,"column":36}},{"start":{"line":11,"column":36},"end":{"line":11,"column":null}}],"line":11},"1":{"loc":{"start":{"line":22,"column":11},"end":{"line":22,"column":null}},"type":"cond-expr","locations":[{"start":{"line":22,"column":20},"end":{"line":22,"column":49}},{"start":{"line":22,"column":49},"end":{"line":22,"column":null}}],"line":22}},"s":{"0":1,"1":1,"2":2,"3":2},"f":{"0":2},"b":{"0":[1,1],"1":[1,1]},"meta":{"lastBranch":2,"lastFunction":1,"lastStatement":4,"seen":{"s:22:20:22:21":0,"s:10:27:30:Infinity":1,"f:10:27:10:28":0,"s:11:16:11:Infinity":2,"b:11:25:11:36:11:36:11:Infinity":0,"s:13:2:28:Infinity":3,"b:22:20:22:49:22:49:22:Infinity":1}}}
,"/Users/katsuya.yoshizumi/git-usapo/paint/src/components/ui/button.tsx": {"path":"/Users/katsuya.yoshizumi/git-usapo/paint/src/components/ui/button.tsx","statementMap":{"0":{"start":{"line":52,"column":4},"end":{"line":52,"column":5}},"1":{"start":{"line":1,"column":23},"end":{"line":1,"column":null}},"2":{"start":{"line":7,"column":23},"end":{"line":37,"column":null}},"3":{"start":{"line":49,"column":15},"end":{"line":49,"column":null}},"4":{"start":{"line":51,"column":2},"end":{"line":58,"column":null}}},"fnMap":{"0":{"name":"(anonymous_0)","decl":{"start":{"line":1,"column":23},"end":{"line":1,"column":null}},"loc":{"start":{"line":1,"column":23},"end":{"line":1,"column":null}},"line":1},"1":{"name":"Button","decl":{"start":{"line":39,"column":9},"end":{"line":39,"column":16}},"loc":{"start":{"line":48,"column":5},"end":{"line":60,"column":null}},"line":48}},"branchMap":{"0":{"loc":{"start":{"line":1,"column":23},"end":{"line":1,"column":null}},"type":"cond-expr","locations":[{"start":{"line":1,"column":23},"end":{"line":1,"column":null}},{"start":{"line":1,"column":23},"end":{"line":1,"column":null}}],"line":1},"1":{"loc":{"start":{"line":1,"column":23},"end":{"line":1,"column":null}},"type":"binary-expr","locations":[{"start":{"line":1,"column":23},"end":{"line":1,"column":null}},{"start":{"line":1,"column":23},"end":{"line":1,"column":null}},{"start":{"line":1,"column":23},"end":{"line":1,"column":null}}],"line":1},"2":{"loc":{"start":{"line":41,"column":2},"end":{"line":41,"column":null}},"type":"default-arg","locations":[{"start":{"line":41,"column":12},"end":{"line":41,"column":null}}],"line":41},"3":{"loc":{"start":{"line":42,"column":2},"end":{"line":42,"column":null}},"type":"default-arg","locations":[{"start":{"line":42,"column":9},"end":{"line":42,"column":null}}],"line":42},"4":{"loc":{"start":{"line":43,"column":2},"end":{"line":43,"column":null}},"type":"default-arg","locations":[{"start":{"line":43,"column":12},"end":{"line":43,"column":null}}],"line":43},"5":{"loc":{"start":{"line":49,"column":15},"end":{"line":49,"column":null}},"type":"cond-expr","locations":[{"start":{"line":49,"column":25},"end":{"line":49,"column":32}},{"start":{"line":49,"column":32},"end":{"line":49,"column":null}}],"line":49}},"s":{"0":5,"1":5,"2":5,"3":76,"4":76},"f":{"0":5,"1":76},"b":{"0":[5,5],"1":[5,5,0],"2":[76],"3":[76],"4":[76],"5":[1,75]},"meta":{"lastBranch":6,"lastFunction":2,"lastStatement":5,"seen":{"s:52:4:52:5":0,"s:1:23:1:Infinity":1,"f:1:23:1:Infinity":0,"b:1:23:1:Infinity:1:23:1:Infinity":0,"b:1:23:1:Infinity:1:23:1:Infinity:1:23:1:Infinity":1,"s:7:23:37:Infinity":2,"f:39:9:39:16":1,"b:41:12:41:Infinity":2,"b:42:9:42:Infinity":3,"b:43:12:43:Infinity":4,"s:49:15:49:Infinity":3,"b:49:25:49:32:49:32:49:Infinity":5,"s:51:2:58:Infinity":4}}}
,"/Users/katsuya.yoshizumi/git-usapo/paint/src/components/ui/popover.tsx": {"path":"/Users/katsuya.yoshizumi/git-usapo/paint/src/components/ui/popover.tsx","statementMap":{"0":{"start":{"line":9,"column":9},"end":{"line":9,"column":10}},"1":{"start":{"line":1,"column":23},"end":{"line":1,"column":null}},"2":{"start":{"line":9,"column":2},"end":{"line":9,"column":null}},"3":{"start":{"line":15,"column":2},"end":{"line":15,"column":null}},"4":{"start":{"line":24,"column":2},"end":{"line":36,"column":null}},"5":{"start":{"line":43,"column":2},"end":{"line":43,"column":null}}},"fnMap":{"0":{"name":"(anonymous_0)","decl":{"start":{"line":1,"column":23},"end":{"line":1,"column":null}},"loc":{"start":{"line":1,"column":23},"end":{"line":1,"column":null}},"line":1},"1":{"name":"Popover","decl":{"start":{"line":6,"column":9},"end":{"line":6,"column":17}},"loc":{"start":{"line":8,"column":55},"end":{"line":10,"column":null}},"line":8},"2":{"name":"PopoverTrigger","decl":{"start":{"line":12,"column":9},"end":{"line":12,"column":24}},"loc":{"start":{"line":14,"column":58},"end":{"line":16,"column":null}},"line":14},"3":{"name":"PopoverContent","decl":{"start":{"line":18,"column":9},"end":{"line":18,"column":24}},"loc":{"start":{"line":23,"column":58},"end":{"line":38,"column":null}},"line":23},"4":{"name":"PopoverAnchor","decl":{"start":{"line":40,"column":9},"end":{"line":40,"column":23}},"loc":{"start":{"line":42,"column":57},"end":{"line":44,"column":null}},"line":42}},"branchMap":{"0":{"loc":{"start":{"line":1,"column":23},"end":{"line":1,"column":null}},"type":"cond-expr","locations":[{"start":{"line":1,"column":23},"end":{"line":1,"column":null}},{"start":{"line":1,"column":23},"end":{"line":1,"column":null}}],"line":1},"1":{"loc":{"start":{"line":1,"column":23},"end":{"line":1,"column":null}},"type":"binary-expr","locations":[{"start":{"line":1,"column":23},"end":{"line":1,"column":null}},{"start":{"line":1,"column":23},"end":{"line":1,"column":null}},{"start":{"line":1,"column":23},"end":{"line":1,"column":null}}],"line":1},"2":{"loc":{"start":{"line":20,"column":2},"end":{"line":20,"column":null}},"type":"default-arg","locations":[{"start":{"line":20,"column":10},"end":{"line":20,"column":null}}],"line":20},"3":{"loc":{"start":{"line":21,"column":2},"end":{"line":21,"column":null}},"type":"default-arg","locations":[{"start":{"line":21,"column":15},"end":{"line":21,"column":null}}],"line":21}},"s":{"0":1,"1":1,"2":7,"3":7,"4":7,"5":0},"f":{"0":1,"1":7,"2":7,"3":7,"4":0},"b":{"0":[1,1],"1":[1,1,0],"2":[7],"3":[7]},"meta":{"lastBranch":4,"lastFunction":5,"lastStatement":6,"seen":{"s:9:9:9:10":0,"s:1:23:1:Infinity":1,"f:1:23:1:Infinity":0,"b:1:23:1:Infinity:1:23:1:Infinity":0,"b:1:23:1:Infinity:1:23:1:Infinity:1:23:1:Infinity":1,"f:6:9:6:17":1,"s:9:2:9:Infinity":2,"f:12:9:12:24":2,"s:15:2:15:Infinity":3,"f:18:9:18:24":3,"b:20:10:20:Infinity":2,"b:21:15:21:Infinity":3,"s:24:2:36:Infinity":4,"f:40:9:40:23":4,"s:43:2:43:Infinity":5}}}
,"/Users/katsuya.yoshizumi/git-usapo/paint/src/components/ui/slider.tsx": {"path":"/Users/katsuya.yoshizumi/git-usapo/paint/src/components/ui/slider.tsx","statementMap":{"0":{"start":{"line":43,"column":8},"end":{"line":43,"column":9}},"1":{"start":{"line":1,"column":23},"end":{"line":1,"column":null}},"2":{"start":{"line":14,"column":18},"end":{"line":22,"column":null}},"3":{"start":{"line":16,"column":6},"end":{"line":20,"column":null}},"4":{"start":{"line":24,"column":2},"end":{"line":57,"column":null}},"5":{"start":{"line":51,"column":8},"end":{"line":55,"column":null}}},"fnMap":{"0":{"name":"(anonymous_0)","decl":{"start":{"line":1,"column":23},"end":{"line":1,"column":null}},"loc":{"start":{"line":1,"column":23},"end":{"line":1,"column":null}},"line":1},"1":{"name":"Slider","decl":{"start":{"line":6,"column":9},"end":{"line":6,"column":16}},"loc":{"start":{"line":13,"column":54},"end":{"line":59,"column":null}},"line":13},"2":{"name":"(anonymous_2)","decl":{"start":{"line":15,"column":4},"end":{"line":15,"column":null}},"loc":{"start":{"line":16,"column":6},"end":{"line":20,"column":null}},"line":16},"3":{"name":"(anonymous_3)","decl":{"start":{"line":50,"column":46},"end":{"line":50,"column":47}},"loc":{"start":{"line":51,"column":8},"end":{"line":55,"column":null}},"line":51}},"branchMap":{"0":{"loc":{"start":{"line":1,"column":23},"end":{"line":1,"column":null}},"type":"cond-expr","locations":[{"start":{"line":1,"column":23},"end":{"line":1,"column":null}},{"start":{"line":1,"column":23},"end":{"line":1,"column":null}}],"line":1},"1":{"loc":{"start":{"line":1,"column":23},"end":{"line":1,"column":null}},"type":"binary-expr","locations":[{"start":{"line":1,"column":23},"end":{"line":1,"column":null}},{"start":{"line":1,"column":23},"end":{"line":1,"column":null}},{"start":{"line":1,"column":23},"end":{"line":1,"column":null}}],"line":1},"2":{"loc":{"start":{"line":10,"column":2},"end":{"line":10,"column":null}},"type":"default-arg","locations":[{"start":{"line":10,"column":8},"end":{"line":10,"column":null}}],"line":10},"3":{"loc":{"start":{"line":11,"column":2},"end":{"line":11,"column":null}},"type":"default-arg","locations":[{"start":{"line":11,"column":8},"end":{"line":11,"column":null}}],"line":11},"4":{"loc":{"start":{"line":16,"column":6},"end":{"line":20,"column":null}},"type":"cond-expr","locations":[{"start":{"line":17,"column":10},"end":{"line":17,"column":null}},{"start":{"line":18,"column":10},"end":{"line":20,"column":null}}],"line":16},"5":{"loc":{"start":{"line":18,"column":10},"end":{"line":20,"column":null}},"type":"cond-expr","locations":[{"start":{"line":19,"column":12},"end":{"line":19,"column":null}},{"start":{"line":20,"column":12},"end":{"line":20,"column":null}}],"line":18}},"s":{"0":1,"1":1,"2":9,"3":9,"4":9,"5":10},"f":{"0":1,"1":9,"2":9,"3":10},"b":{"0":[1,1],"1":[1,1,0],"2":[9],"3":[9],"4":[3,6],"5":[6,0]},"meta":{"lastBranch":6,"lastFunction":4,"lastStatement":6,"seen":{"s:43:8:43:9":0,"s:1:23:1:Infinity":1,"f:1:23:1:Infinity":0,"b:1:23:1:Infinity:1:23:1:Infinity":0,"b:1:23:1:Infinity:1:23:1:Infinity:1:23:1:Infinity":1,"f:6:9:6:16":1,"b:10:8:10:Infinity":2,"b:11:8:11:Infinity":3,"s:14:18:22:Infinity":2,"f:15:4:15:Infinity":2,"s:16:6:20:Infinity":3,"b:17:10:17:Infinity:18:10:20:Infinity":4,"b:19:12:19:Infinity:20:12:20:Infinity":5,"s:24:2:57:Infinity":4,"f:50:46:50:47":3,"s:51:8:55:Infinity":5}}}
,"/Users/katsuya.yoshizumi/git-usapo/paint/src/components/ui/tooltip.tsx": {"path":"/Users/katsuya.yoshizumi/git-usapo/paint/src/components/ui/tooltip.tsx","statementMap":{"0":{"start":{"line":11,"column":4},"end":{"line":11,"column":5}},"1":{"start":{"line":1,"column":23},"end":{"line":1,"column":null}},"2":{"start":{"line":10,"column":2},"end":{"line":15,"column":null}},"3":{"start":{"line":22,"column":2},"end":{"line":25,"column":null}},"4":{"start":{"line":32,"column":2},"end":{"line":32,"column":null}},"5":{"start":{"line":41,"column":2},"end":{"line":55,"column":null}}},"fnMap":{"0":{"name":"(anonymous_0)","decl":{"start":{"line":1,"column":23},"end":{"line":1,"column":null}},"loc":{"start":{"line":1,"column":23},"end":{"line":1,"column":null}},"line":1},"1":{"name":"TooltipProvider","decl":{"start":{"line":6,"column":9},"end":{"line":6,"column":25}},"loc":{"start":{"line":9,"column":59},"end":{"line":17,"column":null}},"line":9},"2":{"name":"Tooltip","decl":{"start":{"line":19,"column":9},"end":{"line":19,"column":17}},"loc":{"start":{"line":21,"column":55},"end":{"line":27,"column":null}},"line":21},"3":{"name":"TooltipTrigger","decl":{"start":{"line":29,"column":9},"end":{"line":29,"column":24}},"loc":{"start":{"line":31,"column":58},"end":{"line":33,"column":null}},"line":31},"4":{"name":"TooltipContent","decl":{"start":{"line":35,"column":9},"end":{"line":35,"column":24}},"loc":{"start":{"line":40,"column":58},"end":{"line":57,"column":null}},"line":40}},"branchMap":{"0":{"loc":{"start":{"line":1,"column":23},"end":{"line":1,"column":null}},"type":"cond-expr","locations":[{"start":{"line":1,"column":23},"end":{"line":1,"column":null}},{"start":{"line":1,"column":23},"end":{"line":1,"column":null}}],"line":1},"1":{"loc":{"start":{"line":1,"column":23},"end":{"line":1,"column":null}},"type":"binary-expr","locations":[{"start":{"line":1,"column":23},"end":{"line":1,"column":null}},{"start":{"line":1,"column":23},"end":{"line":1,"column":null}},{"start":{"line":1,"column":23},"end":{"line":1,"column":null}}],"line":1},"2":{"loc":{"start":{"line":7,"column":2},"end":{"line":7,"column":null}},"type":"default-arg","locations":[{"start":{"line":7,"column":18},"end":{"line":7,"column":null}}],"line":7},"3":{"loc":{"start":{"line":37,"column":2},"end":{"line":37,"column":null}},"type":"default-arg","locations":[{"start":{"line":37,"column":15},"end":{"line":37,"column":null}}],"line":37}},"s":{"0":2,"1":2,"2":12,"3":12,"4":12,"5":12},"f":{"0":2,"1":12,"2":12,"3":12,"4":12},"b":{"0":[2,2],"1":[2,2,0],"2":[12],"3":[12]},"meta":{"lastBranch":4,"lastFunction":5,"lastStatement":6,"seen":{"s:11:4:11:5":0,"s:1:23:1:Infinity":1,"f:1:23:1:Infinity":0,"b:1:23:1:Infinity:1:23:1:Infinity":0,"b:1:23:1:Infinity:1:23:1:Infinity:1:23:1:Infinity":1,"f:6:9:6:25":1,"b:7:18:7:Infinity":2,"s:10:2:15:Infinity":2,"f:19:9:19:17":2,"s:22:2:25:Infinity":3,"f:29:9:29:24":3,"s:32:2:32:Infinity":4,"f:35:9:35:24":4,"b:37:15:37:Infinity":3,"s:41:2:55:Infinity":5}}}
,"/Users/katsuya.yoshizumi/git-usapo/paint/src/features/canvas/components/Canvas.tsx": {"path":"/Users/katsuya.yoshizumi/git-usapo/paint/src/features/canvas/components/Canvas.tsx","statementMap":{"0":{"start":{"line":157,"column":8},"end":{"line":157,"column":9}},"1":{"start":{"line":1,"column":66},"end":{"line":1,"column":null}},"2":{"start":{"line":19,"column":27},"end":{"line":31,"column":null}},"3":{"start":{"line":20,"column":21},"end":{"line":20,"column":null}},"4":{"start":{"line":22,"column":22},"end":{"line":22,"column":null}},"5":{"start":{"line":23,"column":14},"end":{"line":26,"column":null}},"6":{"start":{"line":29,"column":18},"end":{"line":29,"column":null}},"7":{"start":{"line":30,"column":2},"end":{"line":30,"column":null}},"8":{"start":{"line":33,"column":22},"end":{"line":190,"column":null}},"9":{"start":{"line":46,"column":20},"end":{"line":46,"column":null}},"10":{"start":{"line":47,"column":23},"end":{"line":47,"column":null}},"11":{"start":{"line":48,"column":23},"end":{"line":48,"column":null}},"12":{"start":{"line":49,"column":26},"end":{"line":49,"column":null}},"13":{"start":{"line":51,"column":17},"end":{"line":54,"column":null}},"14":{"start":{"line":52,"column":10},"end":{"line":52,"column":null}},"15":{"start":{"line":57,"column":2},"end":{"line":78,"column":null}},"16":{"start":{"line":58,"column":4},"end":{"line":61,"column":null}},"17":{"start":{"line":59,"column":6},"end":{"line":59,"column":null}},"18":{"start":{"line":60,"column":6},"end":{"line":60,"column":null}},"19":{"start":{"line":63,"column":22},"end":{"line":63,"column":null}},"20":{"start":{"line":64,"column":4},"end":{"line":64,"column":null}},"21":{"start":{"line":64,"column":20},"end":{"line":64,"column":null}},"22":{"start":{"line":66,"column":27},"end":{"line":74,"column":null}},"23":{"start":{"line":67,"column":20},"end":{"line":67,"column":null}},"24":{"start":{"line":68,"column":6},"end":{"line":73,"column":null}},"25":{"start":{"line":69,"column":8},"end":{"line":72,"column":null}},"26":{"start":{"line":76,"column":4},"end":{"line":76,"column":null}},"27":{"start":{"line":77,"column":4},"end":{"line":77,"column":null}},"28":{"start":{"line":77,"column":17},"end":{"line":77,"column":null}},"29":{"start":{"line":80,"column":2},"end":{"line":86,"column":null}},"30":{"start":{"line":81,"column":19},"end":{"line":81,"column":null}},"31":{"start":{"line":82,"column":16},"end":{"line":82,"column":null}},"32":{"start":{"line":83,"column":4},"end":{"line":83,"column":null}},"33":{"start":{"line":83,"column":25},"end":{"line":83,"column":null}},"34":{"start":{"line":85,"column":4},"end":{"line":85,"column":null}},"35":{"start":{"line":88,"column":19},"end":{"line":102,"column":null}},"36":{"start":{"line":90,"column":21},"end":{"line":90,"column":null}},"37":{"start":{"line":91,"column":6},"end":{"line":91,"column":null}},"38":{"start":{"line":91,"column":19},"end":{"line":91,"column":null}},"39":{"start":{"line":93,"column":19},"end":{"line":93,"column":null}},"40":{"start":{"line":94,"column":22},"end":{"line":94,"column":null}},"41":{"start":{"line":95,"column":22},"end":{"line":95,"column":null}},"42":{"start":{"line":96,"column":6},"end":{"line":99,"column":null}},"43":{"start":{"line":104,"column":26},"end":{"line":110,"column":null}},"44":{"start":{"line":106,"column":6},"end":{"line":106,"column":null}},"45":{"start":{"line":107,"column":6},"end":{"line":107,"column":null}},"46":{"start":{"line":112,"column":26},"end":{"line":118,"column":null}},"47":{"start":{"line":114,"column":6},"end":{"line":114,"column":null}},"48":{"start":{"line":114,"column":33},"end":{"line":114,"column":null}},"49":{"start":{"line":115,"column":6},"end":{"line":115,"column":null}},"50":{"start":{"line":120,"column":24},"end":{"line":124,"column":null}},"51":{"start":{"line":121,"column":4},"end":{"line":121,"column":null}},"52":{"start":{"line":121,"column":31},"end":{"line":121,"column":null}},"53":{"start":{"line":122,"column":4},"end":{"line":122,"column":null}},"54":{"start":{"line":123,"column":4},"end":{"line":123,"column":null}},"55":{"start":{"line":126,"column":27},"end":{"line":133,"column":null}},"56":{"start":{"line":128,"column":6},"end":{"line":128,"column":null}},"57":{"start":{"line":129,"column":6},"end":{"line":129,"column":null}},"58":{"start":{"line":130,"column":6},"end":{"line":130,"column":null}},"59":{"start":{"line":135,"column":26},"end":{"line":142,"column":null}},"60":{"start":{"line":137,"column":6},"end":{"line":137,"column":null}},"61":{"start":{"line":138,"column":6},"end":{"line":138,"column":null}},"62":{"start":{"line":138,"column":33},"end":{"line":138,"column":null}},"63":{"start":{"line":139,"column":6},"end":{"line":139,"column":null}},"64":{"start":{"line":144,"column":25},"end":{"line":152,"column":null}},"65":{"start":{"line":146,"column":6},"end":{"line":146,"column":null}},"66":{"start":{"line":147,"column":6},"end":{"line":147,"column":null}},"67":{"start":{"line":147,"column":33},"end":{"line":147,"column":null}},"68":{"start":{"line":148,"column":6},"end":{"line":148,"column":null}},"69":{"start":{"line":149,"column":6},"end":{"line":149,"column":null}},"70":{"start":{"line":154,"column":2},"end":{"line":172,"column":null}},"71":{"start":{"line":155,"column":4},"end":{"line":170,"column":null}},"72":{"start":{"line":174,"column":2},"end":{"line":188,"column":null}}},"fnMap":{"0":{"name":"(anonymous_0)","decl":{"start":{"line":19,"column":27},"end":{"line":19,"column":28}},"loc":{"start":{"line":19,"column":86},"end":{"line":31,"column":null}},"line":19},"1":{"name":"(anonymous_1)","decl":{"start":{"line":33,"column":22},"end":{"line":33,"column":23}},"loc":{"start":{"line":45,"column":19},"end":{"line":190,"column":null}},"line":45},"2":{"name":"(anonymous_2)","decl":{"start":{"line":52,"column":4},"end":{"line":52,"column":10}},"loc":{"start":{"line":52,"column":10},"end":{"line":52,"column":null}},"line":52},"3":{"name":"(anonymous_3)","decl":{"start":{"line":57,"column":12},"end":{"line":57,"column":18}},"loc":{"start":{"line":57,"column":18},"end":{"line":78,"column":5}},"line":57},"4":{"name":"(anonymous_4)","decl":{"start":{"line":66,"column":46},"end":{"line":66,"column":47}},"loc":{"start":{"line":66,"column":59},"end":{"line":74,"column":5}},"line":66},"5":{"name":"(anonymous_5)","decl":{"start":{"line":77,"column":11},"end":{"line":77,"column":17}},"loc":{"start":{"line":77,"column":17},"end":{"line":77,"column":null}},"line":77},"6":{"name":"(anonymous_6)","decl":{"start":{"line":80,"column":12},"end":{"line":80,"column":18}},"loc":{"start":{"line":80,"column":18},"end":{"line":86,"column":5}},"line":80},"7":{"name":"(anonymous_7)","decl":{"start":{"line":89,"column":4},"end":{"line":89,"column":5}},"loc":{"start":{"line":89,"column":97},"end":{"line":100,"column":null}},"line":89},"8":{"name":"(anonymous_8)","decl":{"start":{"line":105,"column":4},"end":{"line":105,"column":5}},"loc":{"start":{"line":105,"column":52},"end":{"line":108,"column":null}},"line":105},"9":{"name":"(anonymous_9)","decl":{"start":{"line":113,"column":4},"end":{"line":113,"column":5}},"loc":{"start":{"line":113,"column":52},"end":{"line":116,"column":null}},"line":113},"10":{"name":"(anonymous_10)","decl":{"start":{"line":120,"column":36},"end":{"line":120,"column":42}},"loc":{"start":{"line":120,"column":42},"end":{"line":124,"column":5}},"line":120},"11":{"name":"(anonymous_11)","decl":{"start":{"line":127,"column":4},"end":{"line":127,"column":5}},"loc":{"start":{"line":127,"column":52},"end":{"line":131,"column":null}},"line":127},"12":{"name":"(anonymous_12)","decl":{"start":{"line":136,"column":4},"end":{"line":136,"column":5}},"loc":{"start":{"line":136,"column":52},"end":{"line":140,"column":null}},"line":136},"13":{"name":"(anonymous_13)","decl":{"start":{"line":145,"column":4},"end":{"line":145,"column":5}},"loc":{"start":{"line":145,"column":52},"end":{"line":150,"column":null}},"line":145}},"branchMap":{"0":{"loc":{"start":{"line":19,"column":57},"end":{"line":19,"column":86}},"type":"default-arg","locations":[{"start":{"line":19,"column":68},"end":{"line":19,"column":86}}],"line":19},"1":{"loc":{"start":{"line":22,"column":22},"end":{"line":22,"column":null}},"type":"cond-expr","locations":[{"start":{"line":22,"column":33},"end":{"line":22,"column":45}},{"start":{"line":22,"column":45},"end":{"line":22,"column":null}}],"line":22},"2":{"loc":{"start":{"line":38,"column":2},"end":{"line":38,"column":null}},"type":"default-arg","locations":[{"start":{"line":38,"column":10},"end":{"line":38,"column":null}}],"line":38},"3":{"loc":{"start":{"line":39,"column":2},"end":{"line":39,"column":null}},"type":"default-arg","locations":[{"start":{"line":39,"column":11},"end":{"line":39,"column":null}}],"line":39},"4":{"loc":{"start":{"line":40,"column":2},"end":{"line":40,"column":null}},"type":"default-arg","locations":[{"start":{"line":40,"column":20},"end":{"line":40,"column":null}}],"line":40},"5":{"loc":{"start":{"line":41,"column":2},"end":{"line":41,"column":null}},"type":"default-arg","locations":[{"start":{"line":41,"column":18},"end":{"line":41,"column":null}}],"line":41},"6":{"loc":{"start":{"line":42,"column":2},"end":{"line":42,"column":null}},"type":"default-arg","locations":[{"start":{"line":42,"column":16},"end":{"line":42,"column":null}}],"line":42},"7":{"loc":{"start":{"line":43,"column":2},"end":{"line":43,"column":null}},"type":"default-arg","locations":[{"start":{"line":43,"column":16},"end":{"line":43,"column":null}}],"line":43},"8":{"loc":{"start":{"line":44,"column":2},"end":{"line":44,"column":null}},"type":"default-arg","locations":[{"start":{"line":44,"column":13},"end":{"line":44,"column":null}}],"line":44},"9":{"loc":{"start":{"line":58,"column":4},"end":{"line":61,"column":null}},"type":"if","locations":[{"start":{"line":58,"column":4},"end":{"line":61,"column":null}},{"start":{},"end":{}}],"line":58},"10":{"loc":{"start":{"line":64,"column":4},"end":{"line":64,"column":null}},"type":"if","locations":[{"start":{"line":64,"column":4},"end":{"line":64,"column":null}},{"start":{},"end":{}}],"line":64},"11":{"loc":{"start":{"line":68,"column":6},"end":{"line":73,"column":null}},"type":"if","locations":[{"start":{"line":68,"column":6},"end":{"line":73,"column":null}},{"start":{},"end":{}}],"line":68},"12":{"loc":{"start":{"line":83,"column":4},"end":{"line":83,"column":null}},"type":"if","locations":[{"start":{"line":83,"column":4},"end":{"line":83,"column":null}},{"start":{},"end":{}}],"line":83},"13":{"loc":{"start":{"line":83,"column":8},"end":{"line":83,"column":25}},"type":"binary-expr","locations":[{"start":{"line":83,"column":8},"end":{"line":83,"column":19}},{"start":{"line":83,"column":19},"end":{"line":83,"column":25}}],"line":83},"14":{"loc":{"start":{"line":91,"column":6},"end":{"line":91,"column":null}},"type":"if","locations":[{"start":{"line":91,"column":6},"end":{"line":91,"column":null}},{"start":{},"end":{}}],"line":91},"15":{"loc":{"start":{"line":94,"column":22},"end":{"line":94,"column":null}},"type":"cond-expr","locations":[{"start":{"line":94,"column":43},"end":{"line":94,"column":70}},{"start":{"line":94,"column":70},"end":{"line":94,"column":null}}],"line":94},"16":{"loc":{"start":{"line":95,"column":22},"end":{"line":95,"column":null}},"type":"cond-expr","locations":[{"start":{"line":95,"column":43},"end":{"line":95,"column":70}},{"start":{"line":95,"column":70},"end":{"line":95,"column":null}}],"line":95},"17":{"loc":{"start":{"line":114,"column":6},"end":{"line":114,"column":null}},"type":"if","locations":[{"start":{"line":114,"column":6},"end":{"line":114,"column":null}},{"start":{},"end":{}}],"line":114},"18":{"loc":{"start":{"line":121,"column":4},"end":{"line":121,"column":null}},"type":"if","locations":[{"start":{"line":121,"column":4},"end":{"line":121,"column":null}},{"start":{},"end":{}}],"line":121},"19":{"loc":{"start":{"line":138,"column":6},"end":{"line":138,"column":null}},"type":"if","locations":[{"start":{"line":138,"column":6},"end":{"line":138,"column":null}},{"start":{},"end":{}}],"line":138},"20":{"loc":{"start":{"line":147,"column":6},"end":{"line":147,"column":null}},"type":"if","locations":[{"start":{"line":147,"column":6},"end":{"line":147,"column":null}},{"start":{},"end":{}}],"line":147},"21":{"loc":{"start":{"line":154,"column":2},"end":{"line":172,"column":null}},"type":"if","locations":[{"start":{"line":154,"column":2},"end":{"line":172,"column":null}},{"start":{},"end":{}}],"line":154}},"s":{"0":1,"1":1,"2":1,"3":4,"4":4,"5":4,"6":4,"7":4,"8":1,"9":8,"10":8,"11":8,"12":8,"13":8,"14":4,"15":8,"16":4,"17":4,"18":4,"19":0,"20":0,"21":0,"22":0,"23":0,"24":0,"25":0,"26":0,"27":0,"28":0,"29":8,"30":4,"31":4,"32":4,"33":0,"34":4,"35":8,"36":0,"37":0,"38":0,"39":0,"40":0,"41":0,"42":0,"43":8,"44":0,"45":0,"46":8,"47":0,"48":0,"49":0,"50":8,"51":0,"52":0,"53":0,"54":0,"55":8,"56":0,"57":0,"58":0,"59":8,"60":0,"61":0,"62":0,"63":0,"64":8,"65":0,"66":0,"67":0,"68":0,"69":0,"70":8,"71":0,"72":8},"f":{"0":4,"1":8,"2":4,"3":4,"4":0,"5":0,"6":4,"7":0,"8":0,"9":0,"10":0,"11":0,"12":0,"13":0},"b":{"0":[4],"1":[0,4],"2":[8],"3":[8],"4":[8],"5":[8],"6":[8],"7":[8],"8":[8],"9":[4,0],"10":[0,0],"11":[0,0],"12":[0,4],"13":[4,4],"14":[0,0],"15":[0,0],"16":[0,0],"17":[0,0],"18":[0,0],"19":[0,0],"20":[0,0],"21":[0,8]},"meta":{"lastBranch":22,"lastFunction":14,"lastStatement":73,"seen":{"s:157:8:157:9":0,"s:1:66:1:Infinity":1,"s:19:27:31:Infinity":2,"f:19:27:19:28":0,"b:19:68:19:86":0,"s:20:21:20:Infinity":3,"s:22:22:22:Infinity":4,"b:22:33:22:45:22:45:22:Infinity":1,"s:23:14:26:Infinity":5,"s:29:18:29:Infinity":6,"s:30:2:30:Infinity":7,"s:33:22:190:Infinity":8,"f:33:22:33:23":1,"b:38:10:38:Infinity":2,"b:39:11:39:Infinity":3,"b:40:20:40:Infinity":4,"b:41:18:41:Infinity":5,"b:42:16:42:Infinity":6,"b:43:16:43:Infinity":7,"b:44:13:44:Infinity":8,"s:46:20:46:Infinity":9,"s:47:23:47:Infinity":10,"s:48:23:48:Infinity":11,"s:49:26:49:Infinity":12,"s:51:17:54:Infinity":13,"f:52:4:52:10":2,"s:52:10:52:Infinity":14,"s:57:2:78:Infinity":15,"f:57:12:57:18":3,"b:58:4:61:Infinity:undefined:undefined:undefined:undefined":9,"s:58:4:61:Infinity":16,"s:59:6:59:Infinity":17,"s:60:6:60:Infinity":18,"s:63:22:63:Infinity":19,"b:64:4:64:Infinity:undefined:undefined:undefined:undefined":10,"s:64:4:64:Infinity":20,"s:64:20:64:Infinity":21,"s:66:27:74:Infinity":22,"f:66:46:66:47":4,"s:67:20:67:Infinity":23,"b:68:6:73:Infinity:undefined:undefined:undefined:undefined":11,"s:68:6:73:Infinity":24,"s:69:8:72:Infinity":25,"s:76:4:76:Infinity":26,"s:77:4:77:Infinity":27,"f:77:11:77:17":5,"s:77:17:77:Infinity":28,"s:80:2:86:Infinity":29,"f:80:12:80:18":6,"s:81:19:81:Infinity":30,"s:82:16:82:Infinity":31,"b:83:4:83:Infinity:undefined:undefined:undefined:undefined":12,"s:83:4:83:Infinity":32,"b:83:8:83:19:83:19:83:25":13,"s:83:25:83:Infinity":33,"s:85:4:85:Infinity":34,"s:88:19:102:Infinity":35,"f:89:4:89:5":7,"s:90:21:90:Infinity":36,"b:91:6:91:Infinity:undefined:undefined:undefined:undefined":14,"s:91:6:91:Infinity":37,"s:91:19:91:Infinity":38,"s:93:19:93:Infinity":39,"s:94:22:94:Infinity":40,"b:94:43:94:70:94:70:94:Infinity":15,"s:95:22:95:Infinity":41,"b:95:43:95:70:95:70:95:Infinity":16,"s:96:6:99:Infinity":42,"s:104:26:110:Infinity":43,"f:105:4:105:5":8,"s:106:6:106:Infinity":44,"s:107:6:107:Infinity":45,"s:112:26:118:Infinity":46,"f:113:4:113:5":9,"b:114:6:114:Infinity:undefined:undefined:undefined:undefined":17,"s:114:6:114:Infinity":47,"s:114:33:114:Infinity":48,"s:115:6:115:Infinity":49,"s:120:24:124:Infinity":50,"f:120:36:120:42":10,"b:121:4:121:Infinity:undefined:undefined:undefined:undefined":18,"s:121:4:121:Infinity":51,"s:121:31:121:Infinity":52,"s:122:4:122:Infinity":53,"s:123:4:123:Infinity":54,"s:126:27:133:Infinity":55,"f:127:4:127:5":11,"s:128:6:128:Infinity":56,"s:129:6:129:Infinity":57,"s:130:6:130:Infinity":58,"s:135:26:142:Infinity":59,"f:136:4:136:5":12,"s:137:6:137:Infinity":60,"b:138:6:138:Infinity:undefined:undefined:undefined:undefined":19,"s:138:6:138:Infinity":61,"s:138:33:138:Infinity":62,"s:139:6:139:Infinity":63,"s:144:25:152:Infinity":64,"f:145:4:145:5":13,"s:146:6:146:Infinity":65,"b:147:6:147:Infinity:undefined:undefined:undefined:undefined":20,"s:147:6:147:Infinity":66,"s:147:33:147:Infinity":67,"s:148:6:148:Infinity":68,"s:149:6:149:Infinity":69,"b:154:2:172:Infinity:undefined:undefined:undefined:undefined":21,"s:154:2:172:Infinity":70,"s:155:4:170:Infinity":71,"s:174:2:188:Infinity":72}}}
,"/Users/katsuya.yoshizumi/git-usapo/paint/src/features/canvas/utils/renderer.ts": {"path":"/Users/katsuya.yoshizumi/git-usapo/paint/src/features/canvas/utils/renderer.ts","statementMap":{"0":{"start":{"line":3,"column":19},"end":{"line":20,"column":null}},"1":{"start":{"line":4,"column":2},"end":{"line":4,"column":null}},"2":{"start":{"line":4,"column":32},"end":{"line":4,"column":null}},"3":{"start":{"line":6,"column":2},"end":{"line":6,"column":null}},"4":{"start":{"line":7,"column":2},"end":{"line":7,"column":null}},"5":{"start":{"line":8,"column":2},"end":{"line":8,"column":null}},"6":{"start":{"line":9,"column":2},"end":{"line":9,"column":null}},"7":{"start":{"line":10,"column":2},"end":{"line":10,"column":null}},"8":{"start":{"line":12,"column":27},"end":{"line":12,"column":null}},"9":{"start":{"line":13,"column":2},"end":{"line":13,"column":null}},"10":{"start":{"line":15,"column":2},"end":{"line":17,"column":null}},"11":{"start":{"line":16,"column":4},"end":{"line":16,"column":null}},"12":{"start":{"line":19,"column":2},"end":{"line":19,"column":null}},"13":{"start":{"line":22,"column":28},"end":{"line":32,"column":null}},"14":{"start":{"line":29,"column":2},"end":{"line":29,"column":null}},"15":{"start":{"line":30,"column":2},"end":{"line":30,"column":null}},"16":{"start":{"line":31,"column":2},"end":{"line":31,"column":null}},"17":{"start":{"line":31,"column":30},"end":{"line":31,"column":53}}},"fnMap":{"0":{"name":"(anonymous_0)","decl":{"start":{"line":3,"column":19},"end":{"line":3,"column":20}},"loc":{"start":{"line":3,"column":76},"end":{"line":20,"column":null}},"line":3},"1":{"name":"(anonymous_1)","decl":{"start":{"line":15,"column":15},"end":{"line":15,"column":16}},"loc":{"start":{"line":15,"column":26},"end":{"line":17,"column":3}},"line":15},"2":{"name":"(anonymous_2)","decl":{"start":{"line":22,"column":28},"end":{"line":22,"column":null}},"loc":{"start":{"line":28,"column":11},"end":{"line":32,"column":null}},"line":28},"3":{"name":"(anonymous_3)","decl":{"start":{"line":31,"column":18},"end":{"line":31,"column":19}},"loc":{"start":{"line":31,"column":30},"end":{"line":31,"column":53}},"line":31}},"branchMap":{"0":{"loc":{"start":{"line":4,"column":2},"end":{"line":4,"column":null}},"type":"if","locations":[{"start":{"line":4,"column":2},"end":{"line":4,"column":null}},{"start":{},"end":{}}],"line":4}},"s":{"0":1,"1":4,"2":0,"3":4,"4":4,"5":4,"6":4,"7":4,"8":4,"9":4,"10":4,"11":10,"12":4,"13":1,"14":4,"15":4,"16":4,"17":4},"f":{"0":4,"1":10,"2":4,"3":4},"b":{"0":[0,4]},"meta":{"lastBranch":1,"lastFunction":4,"lastStatement":18,"seen":{"s:3:19:20:Infinity":0,"f:3:19:3:20":0,"b:4:2:4:Infinity:undefined:undefined:undefined:undefined":0,"s:4:2:4:Infinity":1,"s:4:32:4:Infinity":2,"s:6:2:6:Infinity":3,"s:7:2:7:Infinity":4,"s:8:2:8:Infinity":5,"s:9:2:9:Infinity":6,"s:10:2:10:Infinity":7,"s:12:27:12:Infinity":8,"s:13:2:13:Infinity":9,"s:15:2:17:Infinity":10,"f:15:15:15:16":1,"s:16:4:16:Infinity":11,"s:19:2:19:Infinity":12,"s:22:28:32:Infinity":13,"f:22:28:22:Infinity":2,"s:29:2:29:Infinity":14,"s:30:2:30:Infinity":15,"s:31:2:31:Infinity":16,"f:31:18:31:19":3,"s:31:30:31:53":17}}}
,"/Users/katsuya.yoshizumi/git-usapo/paint/src/features/color/components/ColorPicker.tsx": {"path":"/Users/katsuya.yoshizumi/git-usapo/paint/src/features/color/components/ColorPicker.tsx","statementMap":{"0":{"start":{"line":197,"column":10},"end":{"line":197,"column":11}},"1":{"start":{"line":1,"column":57},"end":{"line":1,"column":null}},"2":{"start":{"line":10,"column":19},"end":{"line":10,"column":null}},"3":{"start":{"line":11,"column":19},"end":{"line":11,"column":null}},"4":{"start":{"line":12,"column":6},"end":{"line":12,"column":null}},"5":{"start":{"line":15,"column":17},"end":{"line":32,"column":null}},"6":{"start":{"line":16,"column":16},"end":{"line":16,"column":null}},"7":{"start":{"line":17,"column":16},"end":{"line":17,"column":null}},"8":{"start":{"line":18,"column":12},"end":{"line":18,"column":null}},"9":{"start":{"line":19,"column":12},"end":{"line":19,"column":null}},"10":{"start":{"line":20,"column":12},"end":{"line":20,"column":null}},"11":{"start":{"line":22,"column":10},"end":{"line":22,"column":13}},"12":{"start":{"line":22,"column":17},"end":{"line":22,"column":20}},"13":{"start":{"line":22,"column":24},"end":{"line":22,"column":null}},"14":{"start":{"line":23,"column":2},"end":{"line":28,"column":null}},"15":{"start":{"line":23,"column":16},"end":{"line":23,"column":23}},"16":{"start":{"line":23,"column":23},"end":{"line":23,"column":30}},"17":{"start":{"line":23,"column":30},"end":{"line":23,"column":36}},"18":{"start":{"line":23,"column":36},"end":{"line":28,"column":null}},"19":{"start":{"line":24,"column":22},"end":{"line":24,"column":29}},"20":{"start":{"line":24,"column":29},"end":{"line":24,"column":36}},"21":{"start":{"line":24,"column":36},"end":{"line":24,"column":42}},"22":{"start":{"line":24,"column":42},"end":{"line":28,"column":null}},"23":{"start":{"line":25,"column":22},"end":{"line":25,"column":29}},"24":{"start":{"line":25,"column":29},"end":{"line":25,"column":36}},"25":{"start":{"line":25,"column":36},"end":{"line":25,"column":42}},"26":{"start":{"line":25,"column":42},"end":{"line":28,"column":null}},"27":{"start":{"line":26,"column":22},"end":{"line":26,"column":29}},"28":{"start":{"line":26,"column":29},"end":{"line":26,"column":36}},"29":{"start":{"line":26,"column":36},"end":{"line":26,"column":42}},"30":{"start":{"line":26,"column":42},"end":{"line":28,"column":null}},"31":{"start":{"line":27,"column":22},"end":{"line":27,"column":29}},"32":{"start":{"line":27,"column":29},"end":{"line":27,"column":36}},"33":{"start":{"line":27,"column":36},"end":{"line":27,"column":42}},"34":{"start":{"line":28,"column":9},"end":{"line":28,"column":16}},"35":{"start":{"line":28,"column":16},"end":{"line":28,"column":23}},"36":{"start":{"line":28,"column":23},"end":{"line":28,"column":29}},"37":{"start":{"line":30,"column":16},"end":{"line":30,"column":null}},"38":{"start":{"line":30,"column":31},"end":{"line":30,"column":null}},"39":{"start":{"line":31,"column":2},"end":{"line":31,"column":null}},"40":{"start":{"line":35,"column":17},"end":{"line":65,"column":null}},"41":{"start":{"line":36,"column":17},"end":{"line":36,"column":null}},"42":{"start":{"line":37,"column":2},"end":{"line":37,"column":null}},"43":{"start":{"line":37,"column":15},"end":{"line":37,"column":null}},"44":{"start":{"line":39,"column":12},"end":{"line":39,"column":null}},"45":{"start":{"line":40,"column":12},"end":{"line":40,"column":null}},"46":{"start":{"line":41,"column":12},"end":{"line":41,"column":null}},"47":{"start":{"line":43,"column":14},"end":{"line":43,"column":null}},"48":{"start":{"line":44,"column":14},"end":{"line":44,"column":null}},"49":{"start":{"line":45,"column":12},"end":{"line":45,"column":null}},"50":{"start":{"line":46,"column":12},"end":{"line":46,"column":null}},"51":{"start":{"line":47,"column":12},"end":{"line":47,"column":null}},"52":{"start":{"line":49,"column":2},"end":{"line":51,"column":null}},"53":{"start":{"line":50,"column":4},"end":{"line":50,"column":null}},"54":{"start":{"line":53,"column":8},"end":{"line":62,"column":null}},"55":{"start":{"line":54,"column":4},"end":{"line":61,"column":null}},"56":{"start":{"line":56,"column":8},"end":{"line":56,"column":null}},"57":{"start":{"line":58,"column":8},"end":{"line":58,"column":null}},"58":{"start":{"line":60,"column":8},"end":{"line":60,"column":null}},"59":{"start":{"line":64,"column":2},"end":{"line":64,"column":null}},"60":{"start":{"line":69,"column":27},"end":{"line":282,"column":null}},"61":{"start":{"line":70,"column":26},"end":{"line":70,"column":null}},"62":{"start":{"line":71,"column":23},"end":{"line":71,"column":null}},"63":{"start":{"line":72,"column":24},"end":{"line":72,"column":null}},"64":{"start":{"line":72,"column":39},"end":{"line":72,"column":54}},"65":{"start":{"line":73,"column":34},"end":{"line":73,"column":null}},"66":{"start":{"line":75,"column":31},"end":{"line":87,"column":null}},"67":{"start":{"line":76,"column":22},"end":{"line":76,"column":null}},"68":{"start":{"line":77,"column":4},"end":{"line":77,"column":null}},"69":{"start":{"line":77,"column":20},"end":{"line":77,"column":null}},"70":{"start":{"line":79,"column":17},"end":{"line":79,"column":null}},"71":{"start":{"line":80,"column":20},"end":{"line":80,"column":null}},"72":{"start":{"line":81,"column":20},"end":{"line":81,"column":null}},"73":{"start":{"line":82,"column":14},"end":{"line":82,"column":null}},"74":{"start":{"line":83,"column":14},"end":{"line":83,"column":null}},"75":{"start":{"line":84,"column":21},"end":{"line":84,"column":null}},"76":{"start":{"line":86,"column":4},"end":{"line":86,"column":null}},"77":{"start":{"line":89,"column":19},"end":{"line":96,"column":null}},"78":{"start":{"line":90,"column":23},"end":{"line":90,"column":null}},"79":{"start":{"line":91,"column":14},"end":{"line":91,"column":null}},"80":{"start":{"line":92,"column":14},"end":{"line":92,"column":null}},"81":{"start":{"line":93,"column":19},"end":{"line":93,"column":null}},"82":{"start":{"line":94,"column":4},"end":{"line":94,"column":null}},"83":{"start":{"line":95,"column":4},"end":{"line":95,"column":null}},"84":{"start":{"line":98,"column":20},"end":{"line":104,"column":null}},"85":{"start":{"line":99,"column":18},"end":{"line":99,"column":null}},"86":{"start":{"line":100,"column":10},"end":{"line":100,"column":null}},"87":{"start":{"line":101,"column":19},"end":{"line":101,"column":null}},"88":{"start":{"line":102,"column":4},"end":{"line":102,"column":null}},"89":{"start":{"line":103,"column":4},"end":{"line":103,"column":null}},"90":{"start":{"line":106,"column":26},"end":{"line":126,"column":null}},"91":{"start":{"line":108,"column":18},"end":{"line":108,"column":null}},"92":{"start":{"line":109,"column":6},"end":{"line":109,"column":null}},"93":{"start":{"line":109,"column":16},"end":{"line":109,"column":null}},"94":{"start":{"line":111,"column":33},"end":{"line":111,"column":null}},"95":{"start":{"line":112,"column":25},"end":{"line":112,"column":null}},"96":{"start":{"line":113,"column":26},"end":{"line":113,"column":null}},"97":{"start":{"line":116,"column":22},"end":{"line":116,"column":null}},"98":{"start":{"line":117,"column":6},"end":{"line":123,"column":null}},"99":{"start":{"line":118,"column":8},"end":{"line":118,"column":null}},"100":{"start":{"line":119,"column":8},"end":{"line":119,"column":null}},"101":{"start":{"line":120,"column":6},"end":{"line":123,"column":null}},"102":{"start":{"line":121,"column":8},"end":{"line":121,"column":null}},"103":{"start":{"line":122,"column":8},"end":{"line":122,"column":null}},"104":{"start":{"line":128,"column":37},"end":{"line":134,"column":null}},"105":{"start":{"line":130,"column":6},"end":{"line":130,"column":null}},"106":{"start":{"line":131,"column":6},"end":{"line":131,"column":null}},"107":{"start":{"line":136,"column":38},"end":{"line":142,"column":null}},"108":{"start":{"line":138,"column":6},"end":{"line":138,"column":null}},"109":{"start":{"line":139,"column":6},"end":{"line":139,"column":null}},"110":{"start":{"line":144,"column":26},"end":{"line":160,"column":null}},"111":{"start":{"line":146,"column":6},"end":{"line":146,"column":null}},"112":{"start":{"line":146,"column":31},"end":{"line":146,"column":null}},"113":{"start":{"line":148,"column":18},"end":{"line":148,"column":null}},"114":{"start":{"line":149,"column":6},"end":{"line":149,"column":null}},"115":{"start":{"line":149,"column":16},"end":{"line":149,"column":null}},"116":{"start":{"line":151,"column":23},"end":{"line":151,"column":null}},"117":{"start":{"line":153,"column":6},"end":{"line":157,"column":null}},"118":{"start":{"line":154,"column":8},"end":{"line":154,"column":null}},"119":{"start":{"line":155,"column":6},"end":{"line":157,"column":null}},"120":{"start":{"line":156,"column":8},"end":{"line":156,"column":null}},"121":{"start":{"line":162,"column":24},"end":{"line":164,"column":null}},"122":{"start":{"line":163,"column":4},"end":{"line":163,"column":null}},"123":{"start":{"line":166,"column":2},"end":{"line":176,"column":null}},"124":{"start":{"line":167,"column":4},"end":{"line":167,"column":null}},"125":{"start":{"line":167,"column":29},"end":{"line":167,"column":null}},"126":{"start":{"line":169,"column":4},"end":{"line":169,"column":null}},"127":{"start":{"line":170,"column":4},"end":{"line":170,"column":null}},"128":{"start":{"line":172,"column":4},"end":{"line":175,"column":null}},"129":{"start":{"line":173,"column":6},"end":{"line":173,"column":null}},"130":{"start":{"line":174,"column":6},"end":{"line":174,"column":null}},"131":{"start":{"line":179,"column":19},"end":{"line":179,"column":null}},"132":{"start":{"line":180,"column":21},"end":{"line":180,"column":null}},"133":{"start":{"line":181,"column":24},"end":{"line":181,"column":null}},"134":{"start":{"line":182,"column":24},"end":{"line":182,"column":null}},"135":{"start":{"line":184,"column":24},"end":{"line":184,"column":null}},"136":{"start":{"line":185,"column":8},"end":{"line":185,"column":null}},"137":{"start":{"line":187,"column":2},"end":{"line":280,"column":null}}},"fnMap":{"0":{"name":"(anonymous_0)","decl":{"start":{"line":15,"column":17},"end":{"line":15,"column":18}},"loc":{"start":{"line":15,"column":62},"end":{"line":32,"column":null}},"line":15},"1":{"name":"(anonymous_1)","decl":{"start":{"line":30,"column":16},"end":{"line":30,"column":17}},"loc":{"start":{"line":30,"column":31},"end":{"line":30,"column":null}},"line":30},"2":{"name":"(anonymous_2)","decl":{"start":{"line":35,"column":17},"end":{"line":35,"column":18}},"loc":{"start":{"line":35,"column":71},"end":{"line":65,"column":null}},"line":35},"3":{"name":"(anonymous_3)","decl":{"start":{"line":53,"column":13},"end":{"line":53,"column":19}},"loc":{"start":{"line":53,"column":19},"end":{"line":62,"column":5}},"line":53},"4":{"name":"(anonymous_4)","decl":{"start":{"line":69,"column":27},"end":{"line":69,"column":28}},"loc":{"start":{"line":69,"column":70},"end":{"line":282,"column":null}},"line":69},"5":{"name":"(anonymous_5)","decl":{"start":{"line":72,"column":33},"end":{"line":72,"column":39}},"loc":{"start":{"line":72,"column":39},"end":{"line":72,"column":54}},"line":72},"6":{"name":"(anonymous_6)","decl":{"start":{"line":75,"column":43},"end":{"line":75,"column":44}},"loc":{"start":{"line":75,"column":85},"end":{"line":87,"column":5}},"line":75},"7":{"name":"(anonymous_7)","decl":{"start":{"line":89,"column":31},"end":{"line":89,"column":32}},"loc":{"start":{"line":89,"column":57},"end":{"line":96,"column":5}},"line":89},"8":{"name":"(anonymous_8)","decl":{"start":{"line":98,"column":32},"end":{"line":98,"column":33}},"loc":{"start":{"line":98,"column":58},"end":{"line":104,"column":5}},"line":98},"9":{"name":"(anonymous_9)","decl":{"start":{"line":107,"column":4},"end":{"line":107,"column":5}},"loc":{"start":{"line":107,"column":33},"end":{"line":124,"column":null}},"line":107},"10":{"name":"(anonymous_10)","decl":{"start":{"line":129,"column":4},"end":{"line":129,"column":5}},"loc":{"start":{"line":129,"column":33},"end":{"line":132,"column":null}},"line":129},"11":{"name":"(anonymous_11)","decl":{"start":{"line":137,"column":4},"end":{"line":137,"column":5}},"loc":{"start":{"line":137,"column":33},"end":{"line":140,"column":null}},"line":137},"12":{"name":"(anonymous_12)","decl":{"start":{"line":145,"column":4},"end":{"line":145,"column":5}},"loc":{"start":{"line":145,"column":27},"end":{"line":158,"column":null}},"line":145},"13":{"name":"(anonymous_13)","decl":{"start":{"line":162,"column":36},"end":{"line":162,"column":42}},"loc":{"start":{"line":162,"column":42},"end":{"line":164,"column":5}},"line":162},"14":{"name":"(anonymous_14)","decl":{"start":{"line":166,"column":12},"end":{"line":166,"column":18}},"loc":{"start":{"line":166,"column":18},"end":{"line":176,"column":5}},"line":166},"15":{"name":"(anonymous_15)","decl":{"start":{"line":172,"column":11},"end":{"line":172,"column":17}},"loc":{"start":{"line":172,"column":17},"end":{"line":175,"column":null}},"line":172}},"branchMap":{"0":{"loc":{"start":{"line":23,"column":2},"end":{"line":28,"column":null}},"type":"if","locations":[{"start":{"line":23,"column":2},"end":{"line":28,"column":null}},{"start":{"line":23,"column":36},"end":{"line":28,"column":null}}],"line":23},"1":{"loc":{"start":{"line":23,"column":36},"end":{"line":28,"column":null}},"type":"if","locations":[{"start":{"line":23,"column":36},"end":{"line":28,"column":null}},{"start":{"line":24,"column":42},"end":{"line":28,"column":null}}],"line":23},"2":{"loc":{"start":{"line":24,"column":42},"end":{"line":28,"column":null}},"type":"if","locations":[{"start":{"line":24,"column":42},"end":{"line":28,"column":null}},{"start":{"line":25,"column":42},"end":{"line":28,"column":null}}],"line":24},"3":{"loc":{"start":{"line":25,"column":42},"end":{"line":28,"column":null}},"type":"if","locations":[{"start":{"line":25,"column":42},"end":{"line":28,"column":null}},{"start":{"line":26,"column":42},"end":{"line":28,"column":null}}],"line":25},"4":{"loc":{"start":{"line":26,"column":42},"end":{"line":28,"column":null}},"type":"if","locations":[{"start":{"line":26,"column":42},"end":{"line":28,"column":null}},{"start":{"line":28,"column":7},"end":{"line":28,"column":null}}],"line":26},"5":{"loc":{"start":{"line":37,"column":2},"end":{"line":37,"column":null}},"type":"if","locations":[{"start":{"line":37,"column":2},"end":{"line":37,"column":null}},{"start":{},"end":{}}],"line":37},"6":{"loc":{"start":{"line":47,"column":12},"end":{"line":47,"column":null}},"type":"cond-expr","locations":[{"start":{"line":47,"column":24},"end":{"line":47,"column":28}},{"start":{"line":47,"column":28},"end":{"line":47,"column":null}}],"line":47},"7":{"loc":{"start":{"line":49,"column":2},"end":{"line":51,"column":null}},"type":"if","locations":[{"start":{"line":49,"column":2},"end":{"line":51,"column":null}},{"start":{},"end":{}}],"line":49},"8":{"loc":{"start":{"line":54,"column":4},"end":{"line":61,"column":null}},"type":"switch","locations":[{"start":{"line":55,"column":6},"end":{"line":56,"column":null}},{"start":{"line":57,"column":6},"end":{"line":58,"column":null}},{"start":{"line":59,"column":6},"end":{"line":60,"column":null}}],"line":54},"9":{"loc":{"start":{"line":56,"column":31},"end":{"line":56,"column":49}},"type":"cond-expr","locations":[{"start":{"line":56,"column":39},"end":{"line":56,"column":43}},{"start":{"line":56,"column":43},"end":{"line":56,"column":49}}],"line":56},"10":{"loc":{"start":{"line":77,"column":4},"end":{"line":77,"column":null}},"type":"if","locations":[{"start":{"line":77,"column":4},"end":{"line":77,"column":null}},{"start":{},"end":{}}],"line":77},"11":{"loc":{"start":{"line":109,"column":6},"end":{"line":109,"column":null}},"type":"if","locations":[{"start":{"line":109,"column":6},"end":{"line":109,"column":null}},{"start":{},"end":{}}],"line":109},"12":{"loc":{"start":{"line":117,"column":6},"end":{"line":123,"column":null}},"type":"if","locations":[{"start":{"line":117,"column":6},"end":{"line":123,"column":null}},{"start":{"line":120,"column":6},"end":{"line":123,"column":null}}],"line":117},"13":{"loc":{"start":{"line":117,"column":10},"end":{"line":117,"column":86}},"type":"binary-expr","locations":[{"start":{"line":117,"column":10},"end":{"line":117,"column":49}},{"start":{"line":117,"column":49},"end":{"line":117,"column":86}}],"line":117},"14":{"loc":{"start":{"line":120,"column":6},"end":{"line":123,"column":null}},"type":"if","locations":[{"start":{"line":120,"column":6},"end":{"line":123,"column":null}},{"start":{},"end":{}}],"line":120},"15":{"loc":{"start":{"line":120,"column":17},"end":{"line":120,"column":92}},"type":"binary-expr","locations":[{"start":{"line":120,"column":17},"end":{"line":120,"column":54}},{"start":{"line":120,"column":54},"end":{"line":120,"column":92}}],"line":120},"16":{"loc":{"start":{"line":146,"column":6},"end":{"line":146,"column":null}},"type":"if","locations":[{"start":{"line":146,"column":6},"end":{"line":146,"column":null}},{"start":{},"end":{}}],"line":146},"17":{"loc":{"start":{"line":149,"column":6},"end":{"line":149,"column":null}},"type":"if","locations":[{"start":{"line":149,"column":6},"end":{"line":149,"column":null}},{"start":{},"end":{}}],"line":149},"18":{"loc":{"start":{"line":153,"column":6},"end":{"line":157,"column":null}},"type":"if","locations":[{"start":{"line":153,"column":6},"end":{"line":157,"column":null}},{"start":{"line":155,"column":6},"end":{"line":157,"column":null}}],"line":153},"19":{"loc":{"start":{"line":155,"column":6},"end":{"line":157,"column":null}},"type":"if","locations":[{"start":{"line":155,"column":6},"end":{"line":157,"column":null}},{"start":{},"end":{}}],"line":155},"20":{"loc":{"start":{"line":167,"column":4},"end":{"line":167,"column":null}},"type":"if","locations":[{"start":{"line":167,"column":4},"end":{"line":167,"column":null}},{"start":{},"end":{}}],"line":167}},"s":{"0":1,"1":1,"2":1,"3":1,"4":1,"5":1,"6":0,"7":0,"8":0,"9":0,"10":0,"11":0,"12":0,"13":0,"14":0,"15":0,"16":0,"17":0,"18":0,"19":0,"20":0,"21":0,"22":0,"23":0,"24":0,"25":0,"26":0,"27":0,"28":0,"29":0,"30":0,"31":0,"32":0,"33":0,"34":0,"35":0,"36":0,"37":0,"38":0,"39":0,"40":1,"41":6,"42":6,"43":0,"44":6,"45":6,"46":6,"47":6,"48":6,"49":6,"50":6,"51":6,"52":6,"53":1,"54":5,"55":5,"56":2,"57":1,"58":2,"59":5,"60":1,"61":7,"62":7,"63":7,"64":6,"65":7,"66":7,"67":0,"68":0,"69":0,"70":0,"71":0,"72":0,"73":0,"74":0,"75":0,"76":0,"77":7,"78":0,"79":0,"80":0,"81":0,"82":0,"83":0,"84":7,"85":0,"86":0,"87":0,"88":0,"89":0,"90":7,"91":0,"92":0,"93":0,"94":0,"95":0,"96":0,"97":0,"98":0,"99":0,"100":0,"101":0,"102":0,"103":0,"104":7,"105":0,"106":0,"107":7,"108":0,"109":0,"110":7,"111":0,"112":0,"113":0,"114":0,"115":0,"116":0,"117":0,"118":0,"119":0,"120":0,"121":7,"122":0,"123":7,"124":6,"125":6,"126":0,"127":0,"128":0,"129":0,"130":0,"131":7,"132":7,"133":7,"134":7,"135":7,"136":7,"137":7},"f":{"0":0,"1":0,"2":6,"3":5,"4":7,"5":6,"6":0,"7":0,"8":0,"9":0,"10":0,"11":0,"12":0,"13":0,"14":6,"15":0},"b":{"0":[0,0],"1":[0,0],"2":[0,0],"3":[0,0],"4":[0,0],"5":[0,6],"6":[1,5],"7":[1,5],"8":[2,1,2],"9":[0,2],"10":[0,0],"11":[0,0],"12":[0,0],"13":[0,0],"14":[0,0],"15":[0,0],"16":[0,0],"17":[0,0],"18":[0,0],"19":[0,0],"20":[6,0]},"meta":{"lastBranch":21,"lastFunction":16,"lastStatement":138,"seen":{"s:197:10:197:11":0,"s:1:57:1:Infinity":1,"s:10:19:10:Infinity":2,"s:11:19:11:Infinity":3,"s:12:6:12:Infinity":4,"s:15:17:32:Infinity":5,"f:15:17:15:18":0,"s:16:16:16:Infinity":6,"s:17:16:17:Infinity":7,"s:18:12:18:Infinity":8,"s:19:12:19:Infinity":9,"s:20:12:20:Infinity":10,"s:22:10:22:13":11,"s:22:17:22:20":12,"s:22:24:22:Infinity":13,"b:23:2:28:Infinity:23:36:28:Infinity":0,"s:23:2:28:Infinity":14,"s:23:16:23:23":15,"s:23:23:23:30":16,"s:23:30:23:36":17,"b:23:36:28:Infinity:24:42:28:Infinity":1,"s:23:36:28:Infinity":18,"s:24:22:24:29":19,"s:24:29:24:36":20,"s:24:36:24:42":21,"b:24:42:28:Infinity:25:42:28:Infinity":2,"s:24:42:28:Infinity":22,"s:25:22:25:29":23,"s:25:29:25:36":24,"s:25:36:25:42":25,"b:25:42:28:Infinity:26:42:28:Infinity":3,"s:25:42:28:Infinity":26,"s:26:22:26:29":27,"s:26:29:26:36":28,"s:26:36:26:42":29,"b:26:42:28:Infinity:28:7:28:Infinity":4,"s:26:42:28:Infinity":30,"s:27:22:27:29":31,"s:27:29:27:36":32,"s:27:36:27:42":33,"s:28:9:28:16":34,"s:28:16:28:23":35,"s:28:23:28:29":36,"s:30:16:30:Infinity":37,"f:30:16:30:17":1,"s:30:31:30:Infinity":38,"s:31:2:31:Infinity":39,"s:35:17:65:Infinity":40,"f:35:17:35:18":2,"s:36:17:36:Infinity":41,"b:37:2:37:Infinity:undefined:undefined:undefined:undefined":5,"s:37:2:37:Infinity":42,"s:37:15:37:Infinity":43,"s:39:12:39:Infinity":44,"s:40:12:40:Infinity":45,"s:41:12:41:Infinity":46,"s:43:14:43:Infinity":47,"s:44:14:44:Infinity":48,"s:45:12:45:Infinity":49,"s:46:12:46:Infinity":50,"s:47:12:47:Infinity":51,"b:47:24:47:28:47:28:47:Infinity":6,"b:49:2:51:Infinity:undefined:undefined:undefined:undefined":7,"s:49:2:51:Infinity":52,"s:50:4:50:Infinity":53,"s:53:8:62:Infinity":54,"f:53:13:53:19":3,"b:55:6:56:Infinity:57:6:58:Infinity:59:6:60:Infinity":8,"s:54:4:61:Infinity":55,"s:56:8:56:Infinity":56,"b:56:39:56:43:56:43:56:49":9,"s:58:8:58:Infinity":57,"s:60:8:60:Infinity":58,"s:64:2:64:Infinity":59,"s:69:27:282:Infinity":60,"f:69:27:69:28":4,"s:70:26:70:Infinity":61,"s:71:23:71:Infinity":62,"s:72:24:72:Infinity":63,"f:72:33:72:39":5,"s:72:39:72:54":64,"s:73:34:73:Infinity":65,"s:75:31:87:Infinity":66,"f:75:43:75:44":6,"s:76:22:76:Infinity":67,"b:77:4:77:Infinity:undefined:undefined:undefined:undefined":10,"s:77:4:77:Infinity":68,"s:77:20:77:Infinity":69,"s:79:17:79:Infinity":70,"s:80:20:80:Infinity":71,"s:81:20:81:Infinity":72,"s:82:14:82:Infinity":73,"s:83:14:83:Infinity":74,"s:84:21:84:Infinity":75,"s:86:4:86:Infinity":76,"s:89:19:96:Infinity":77,"f:89:31:89:32":7,"s:90:23:90:Infinity":78,"s:91:14:91:Infinity":79,"s:92:14:92:Infinity":80,"s:93:19:93:Infinity":81,"s:94:4:94:Infinity":82,"s:95:4:95:Infinity":83,"s:98:20:104:Infinity":84,"f:98:32:98:33":8,"s:99:18:99:Infinity":85,"s:100:10:100:Infinity":86,"s:101:19:101:Infinity":87,"s:102:4:102:Infinity":88,"s:103:4:103:Infinity":89,"s:106:26:126:Infinity":90,"f:107:4:107:5":9,"s:108:18:108:Infinity":91,"b:109:6:109:Infinity:undefined:undefined:undefined:undefined":11,"s:109:6:109:Infinity":92,"s:109:16:109:Infinity":93,"s:111:33:111:Infinity":94,"s:112:25:112:Infinity":95,"s:113:26:113:Infinity":96,"s:116:22:116:Infinity":97,"b:117:6:123:Infinity:120:6:123:Infinity":12,"s:117:6:123:Infinity":98,"b:117:10:117:49:117:49:117:86":13,"s:118:8:118:Infinity":99,"s:119:8:119:Infinity":100,"b:120:6:123:Infinity:undefined:undefined:undefined:undefined":14,"s:120:6:123:Infinity":101,"b:120:17:120:54:120:54:120:92":15,"s:121:8:121:Infinity":102,"s:122:8:122:Infinity":103,"s:128:37:134:Infinity":104,"f:129:4:129:5":10,"s:130:6:130:Infinity":105,"s:131:6:131:Infinity":106,"s:136:38:142:Infinity":107,"f:137:4:137:5":11,"s:138:6:138:Infinity":108,"s:139:6:139:Infinity":109,"s:144:26:160:Infinity":110,"f:145:4:145:5":12,"b:146:6:146:Infinity:undefined:undefined:undefined:undefined":16,"s:146:6:146:Infinity":111,"s:146:31:146:Infinity":112,"s:148:18:148:Infinity":113,"b:149:6:149:Infinity:undefined:undefined:undefined:undefined":17,"s:149:6:149:Infinity":114,"s:149:16:149:Infinity":115,"s:151:23:151:Infinity":116,"b:153:6:157:Infinity:155:6:157:Infinity":18,"s:153:6:157:Infinity":117,"s:154:8:154:Infinity":118,"b:155:6:157:Infinity:undefined:undefined:undefined:undefined":19,"s:155:6:157:Infinity":119,"s:156:8:156:Infinity":120,"s:162:24:164:Infinity":121,"f:162:36:162:42":13,"s:163:4:163:Infinity":122,"s:166:2:176:Infinity":123,"f:166:12:166:18":14,"b:167:4:167:Infinity:undefined:undefined:undefined:undefined":20,"s:167:4:167:Infinity":124,"s:167:29:167:Infinity":125,"s:169:4:169:Infinity":126,"s:170:4:170:Infinity":127,"s:172:4:175:Infinity":128,"f:172:11:172:17":15,"s:173:6:173:Infinity":129,"s:174:6:174:Infinity":130,"s:179:19:179:Infinity":131,"s:180:21:180:Infinity":132,"s:181:24:181:Infinity":133,"s:182:24:182:Infinity":134,"s:184:24:184:Infinity":135,"s:185:8:185:Infinity":136,"s:187:2:280:Infinity":137}}}
,"/Users/katsuya.yoshizumi/git-usapo/paint/src/features/color/components/ColorWheel.tsx": {"path":"/Users/katsuya.yoshizumi/git-usapo/paint/src/features/color/components/ColorWheel.tsx","statementMap":{"0":{"start":{"line":207,"column":8},"end":{"line":207,"column":9}},"1":{"start":{"line":1,"column":57},"end":{"line":1,"column":null}},"2":{"start":{"line":8,"column":19},"end":{"line":8,"column":null}},"3":{"start":{"line":9,"column":19},"end":{"line":9,"column":null}},"4":{"start":{"line":10,"column":6},"end":{"line":10,"column":null}},"5":{"start":{"line":13,"column":17},"end":{"line":30,"column":null}},"6":{"start":{"line":14,"column":16},"end":{"line":14,"column":null}},"7":{"start":{"line":15,"column":16},"end":{"line":15,"column":null}},"8":{"start":{"line":16,"column":12},"end":{"line":16,"column":null}},"9":{"start":{"line":17,"column":12},"end":{"line":17,"column":null}},"10":{"start":{"line":18,"column":12},"end":{"line":18,"column":null}},"11":{"start":{"line":20,"column":10},"end":{"line":20,"column":13}},"12":{"start":{"line":20,"column":17},"end":{"line":20,"column":20}},"13":{"start":{"line":20,"column":24},"end":{"line":20,"column":null}},"14":{"start":{"line":21,"column":2},"end":{"line":26,"column":null}},"15":{"start":{"line":21,"column":16},"end":{"line":21,"column":23}},"16":{"start":{"line":21,"column":23},"end":{"line":21,"column":30}},"17":{"start":{"line":21,"column":30},"end":{"line":21,"column":36}},"18":{"start":{"line":21,"column":36},"end":{"line":26,"column":null}},"19":{"start":{"line":22,"column":22},"end":{"line":22,"column":29}},"20":{"start":{"line":22,"column":29},"end":{"line":22,"column":36}},"21":{"start":{"line":22,"column":36},"end":{"line":22,"column":42}},"22":{"start":{"line":22,"column":42},"end":{"line":26,"column":null}},"23":{"start":{"line":23,"column":22},"end":{"line":23,"column":29}},"24":{"start":{"line":23,"column":29},"end":{"line":23,"column":36}},"25":{"start":{"line":23,"column":36},"end":{"line":23,"column":42}},"26":{"start":{"line":23,"column":42},"end":{"line":26,"column":null}},"27":{"start":{"line":24,"column":22},"end":{"line":24,"column":29}},"28":{"start":{"line":24,"column":29},"end":{"line":24,"column":36}},"29":{"start":{"line":24,"column":36},"end":{"line":24,"column":42}},"30":{"start":{"line":24,"column":42},"end":{"line":26,"column":null}},"31":{"start":{"line":25,"column":22},"end":{"line":25,"column":29}},"32":{"start":{"line":25,"column":29},"end":{"line":25,"column":36}},"33":{"start":{"line":25,"column":36},"end":{"line":25,"column":42}},"34":{"start":{"line":26,"column":9},"end":{"line":26,"column":16}},"35":{"start":{"line":26,"column":16},"end":{"line":26,"column":23}},"36":{"start":{"line":26,"column":23},"end":{"line":26,"column":29}},"37":{"start":{"line":28,"column":16},"end":{"line":28,"column":null}},"38":{"start":{"line":28,"column":31},"end":{"line":28,"column":null}},"39":{"start":{"line":29,"column":2},"end":{"line":29,"column":null}},"40":{"start":{"line":33,"column":17},"end":{"line":63,"column":null}},"41":{"start":{"line":34,"column":17},"end":{"line":34,"column":null}},"42":{"start":{"line":35,"column":2},"end":{"line":35,"column":null}},"43":{"start":{"line":35,"column":15},"end":{"line":35,"column":null}},"44":{"start":{"line":37,"column":12},"end":{"line":37,"column":null}},"45":{"start":{"line":38,"column":12},"end":{"line":38,"column":null}},"46":{"start":{"line":39,"column":12},"end":{"line":39,"column":null}},"47":{"start":{"line":41,"column":14},"end":{"line":41,"column":null}},"48":{"start":{"line":42,"column":14},"end":{"line":42,"column":null}},"49":{"start":{"line":43,"column":12},"end":{"line":43,"column":null}},"50":{"start":{"line":44,"column":12},"end":{"line":44,"column":null}},"51":{"start":{"line":45,"column":12},"end":{"line":45,"column":null}},"52":{"start":{"line":47,"column":2},"end":{"line":49,"column":null}},"53":{"start":{"line":48,"column":4},"end":{"line":48,"column":null}},"54":{"start":{"line":51,"column":8},"end":{"line":60,"column":null}},"55":{"start":{"line":52,"column":4},"end":{"line":59,"column":null}},"56":{"start":{"line":54,"column":8},"end":{"line":54,"column":null}},"57":{"start":{"line":56,"column":8},"end":{"line":56,"column":null}},"58":{"start":{"line":58,"column":8},"end":{"line":58,"column":null}},"59":{"start":{"line":62,"column":2},"end":{"line":62,"column":null}},"60":{"start":{"line":68,"column":19},"end":{"line":70,"column":null}},"61":{"start":{"line":69,"column":2},"end":{"line":69,"column":null}},"62":{"start":{"line":73,"column":21},"end":{"line":80,"column":null}},"63":{"start":{"line":74,"column":19},"end":{"line":74,"column":null}},"64":{"start":{"line":75,"column":2},"end":{"line":78,"column":null}},"65":{"start":{"line":77,"column":4},"end":{"line":77,"column":null}},"66":{"start":{"line":79,"column":2},"end":{"line":79,"column":null}},"67":{"start":{"line":82,"column":26},"end":{"line":293,"column":null}},"68":{"start":{"line":83,"column":23},"end":{"line":83,"column":null}},"69":{"start":{"line":84,"column":24},"end":{"line":84,"column":null}},"70":{"start":{"line":84,"column":39},"end":{"line":84,"column":54}},"71":{"start":{"line":85,"column":34},"end":{"line":85,"column":null}},"72":{"start":{"line":87,"column":31},"end":{"line":99,"column":null}},"73":{"start":{"line":88,"column":22},"end":{"line":88,"column":null}},"74":{"start":{"line":89,"column":4},"end":{"line":89,"column":null}},"75":{"start":{"line":89,"column":20},"end":{"line":89,"column":null}},"76":{"start":{"line":91,"column":17},"end":{"line":91,"column":null}},"77":{"start":{"line":92,"column":20},"end":{"line":92,"column":null}},"78":{"start":{"line":93,"column":20},"end":{"line":93,"column":null}},"79":{"start":{"line":94,"column":14},"end":{"line":94,"column":null}},"80":{"start":{"line":95,"column":14},"end":{"line":95,"column":null}},"81":{"start":{"line":96,"column":21},"end":{"line":96,"column":null}},"82":{"start":{"line":98,"column":4},"end":{"line":98,"column":null}},"83":{"start":{"line":101,"column":19},"end":{"line":108,"column":null}},"84":{"start":{"line":102,"column":23},"end":{"line":102,"column":null}},"85":{"start":{"line":103,"column":14},"end":{"line":103,"column":null}},"86":{"start":{"line":104,"column":14},"end":{"line":104,"column":null}},"87":{"start":{"line":105,"column":19},"end":{"line":105,"column":null}},"88":{"start":{"line":106,"column":4},"end":{"line":106,"column":null}},"89":{"start":{"line":107,"column":4},"end":{"line":107,"column":null}},"90":{"start":{"line":110,"column":20},"end":{"line":116,"column":null}},"91":{"start":{"line":111,"column":18},"end":{"line":111,"column":null}},"92":{"start":{"line":112,"column":10},"end":{"line":112,"column":null}},"93":{"start":{"line":113,"column":19},"end":{"line":113,"column":null}},"94":{"start":{"line":114,"column":4},"end":{"line":114,"column":null}},"95":{"start":{"line":115,"column":4},"end":{"line":115,"column":null}},"96":{"start":{"line":118,"column":26},"end":{"line":137,"column":null}},"97":{"start":{"line":120,"column":18},"end":{"line":120,"column":null}},"98":{"start":{"line":121,"column":6},"end":{"line":121,"column":null}},"99":{"start":{"line":121,"column":16},"end":{"line":121,"column":null}},"100":{"start":{"line":123,"column":33},"end":{"line":123,"column":null}},"101":{"start":{"line":124,"column":25},"end":{"line":124,"column":null}},"102":{"start":{"line":125,"column":26},"end":{"line":125,"column":null}},"103":{"start":{"line":127,"column":22},"end":{"line":127,"column":null}},"104":{"start":{"line":128,"column":6},"end":{"line":134,"column":null}},"105":{"start":{"line":129,"column":8},"end":{"line":129,"column":null}},"106":{"start":{"line":130,"column":8},"end":{"line":130,"column":null}},"107":{"start":{"line":131,"column":6},"end":{"line":134,"column":null}},"108":{"start":{"line":132,"column":8},"end":{"line":132,"column":null}},"109":{"start":{"line":133,"column":8},"end":{"line":133,"column":null}},"110":{"start":{"line":139,"column":37},"end":{"line":145,"column":null}},"111":{"start":{"line":141,"column":6},"end":{"line":141,"column":null}},"112":{"start":{"line":142,"column":6},"end":{"line":142,"column":null}},"113":{"start":{"line":147,"column":38},"end":{"line":153,"column":null}},"114":{"start":{"line":149,"column":6},"end":{"line":149,"column":null}},"115":{"start":{"line":150,"column":6},"end":{"line":150,"column":null}},"116":{"start":{"line":155,"column":26},"end":{"line":171,"column":null}},"117":{"start":{"line":157,"column":6},"end":{"line":157,"column":null}},"118":{"start":{"line":157,"column":31},"end":{"line":157,"column":null}},"119":{"start":{"line":159,"column":18},"end":{"line":159,"column":null}},"120":{"start":{"line":160,"column":6},"end":{"line":160,"column":null}},"121":{"start":{"line":160,"column":16},"end":{"line":160,"column":null}},"122":{"start":{"line":162,"column":23},"end":{"line":162,"column":null}},"123":{"start":{"line":164,"column":6},"end":{"line":168,"column":null}},"124":{"start":{"line":165,"column":8},"end":{"line":165,"column":null}},"125":{"start":{"line":166,"column":6},"end":{"line":168,"column":null}},"126":{"start":{"line":167,"column":8},"end":{"line":167,"column":null}},"127":{"start":{"line":173,"column":24},"end":{"line":175,"column":null}},"128":{"start":{"line":174,"column":4},"end":{"line":174,"column":null}},"129":{"start":{"line":177,"column":2},"end":{"line":187,"column":null}},"130":{"start":{"line":178,"column":4},"end":{"line":178,"column":null}},"131":{"start":{"line":178,"column":29},"end":{"line":178,"column":null}},"132":{"start":{"line":180,"column":4},"end":{"line":180,"column":null}},"133":{"start":{"line":181,"column":4},"end":{"line":181,"column":null}},"134":{"start":{"line":183,"column":4},"end":{"line":186,"column":null}},"135":{"start":{"line":184,"column":6},"end":{"line":184,"column":null}},"136":{"start":{"line":185,"column":6},"end":{"line":185,"column":null}},"137":{"start":{"line":190,"column":19},"end":{"line":190,"column":null}},"138":{"start":{"line":191,"column":21},"end":{"line":191,"column":null}},"139":{"start":{"line":192,"column":24},"end":{"line":192,"column":null}},"140":{"start":{"line":193,"column":24},"end":{"line":193,"column":null}},"141":{"start":{"line":195,"column":24},"end":{"line":195,"column":null}},"142":{"start":{"line":196,"column":8},"end":{"line":196,"column":null}},"143":{"start":{"line":198,"column":2},"end":{"line":291,"column":null}},"144":{"start":{"line":278,"column":25},"end":{"line":278,"column":null}},"145":{"start":{"line":279,"column":12},"end":{"line":283,"column":null}},"146":{"start":{"line":280,"column":33},"end":{"line":280,"column":null}},"147":{"start":{"line":281,"column":14},"end":{"line":281,"column":null}},"148":{"start":{"line":282,"column":14},"end":{"line":282,"column":null}},"149":{"start":{"line":286,"column":13},"end":{"line":286,"column":null}}},"fnMap":{"0":{"name":"(anonymous_0)","decl":{"start":{"line":13,"column":17},"end":{"line":13,"column":18}},"loc":{"start":{"line":13,"column":62},"end":{"line":30,"column":null}},"line":13},"1":{"name":"(anonymous_1)","decl":{"start":{"line":28,"column":16},"end":{"line":28,"column":17}},"loc":{"start":{"line":28,"column":31},"end":{"line":28,"column":null}},"line":28},"2":{"name":"(anonymous_2)","decl":{"start":{"line":33,"column":17},"end":{"line":33,"column":18}},"loc":{"start":{"line":33,"column":71},"end":{"line":63,"column":null}},"line":33},"3":{"name":"(anonymous_3)","decl":{"start":{"line":51,"column":13},"end":{"line":51,"column":19}},"loc":{"start":{"line":51,"column":19},"end":{"line":60,"column":5}},"line":51},"4":{"name":"(anonymous_4)","decl":{"start":{"line":68,"column":19},"end":{"line":68,"column":20}},"loc":{"start":{"line":68,"column":45},"end":{"line":70,"column":null}},"line":68},"5":{"name":"(anonymous_5)","decl":{"start":{"line":73,"column":21},"end":{"line":73,"column":22}},"loc":{"start":{"line":73,"column":46},"end":{"line":80,"column":null}},"line":73},"6":{"name":"(anonymous_6)","decl":{"start":{"line":82,"column":26},"end":{"line":82,"column":27}},"loc":{"start":{"line":82,"column":68},"end":{"line":293,"column":null}},"line":82},"7":{"name":"(anonymous_7)","decl":{"start":{"line":84,"column":33},"end":{"line":84,"column":39}},"loc":{"start":{"line":84,"column":39},"end":{"line":84,"column":54}},"line":84},"8":{"name":"(anonymous_8)","decl":{"start":{"line":87,"column":43},"end":{"line":87,"column":44}},"loc":{"start":{"line":87,"column":85},"end":{"line":99,"column":5}},"line":87},"9":{"name":"(anonymous_9)","decl":{"start":{"line":101,"column":31},"end":{"line":101,"column":32}},"loc":{"start":{"line":101,"column":57},"end":{"line":108,"column":5}},"line":101},"10":{"name":"(anonymous_10)","decl":{"start":{"line":110,"column":32},"end":{"line":110,"column":33}},"loc":{"start":{"line":110,"column":58},"end":{"line":116,"column":5}},"line":110},"11":{"name":"(anonymous_11)","decl":{"start":{"line":119,"column":4},"end":{"line":119,"column":5}},"loc":{"start":{"line":119,"column":33},"end":{"line":135,"column":null}},"line":119},"12":{"name":"(anonymous_12)","decl":{"start":{"line":140,"column":4},"end":{"line":140,"column":5}},"loc":{"start":{"line":140,"column":33},"end":{"line":143,"column":null}},"line":140},"13":{"name":"(anonymous_13)","decl":{"start":{"line":148,"column":4},"end":{"line":148,"column":5}},"loc":{"start":{"line":148,"column":33},"end":{"line":151,"column":null}},"line":148},"14":{"name":"(anonymous_14)","decl":{"start":{"line":156,"column":4},"end":{"line":156,"column":5}},"loc":{"start":{"line":156,"column":27},"end":{"line":169,"column":null}},"line":156},"15":{"name":"(anonymous_15)","decl":{"start":{"line":173,"column":36},"end":{"line":173,"column":42}},"loc":{"start":{"line":173,"column":42},"end":{"line":175,"column":5}},"line":173},"16":{"name":"(anonymous_16)","decl":{"start":{"line":177,"column":12},"end":{"line":177,"column":18}},"loc":{"start":{"line":177,"column":18},"end":{"line":187,"column":5}},"line":177},"17":{"name":"(anonymous_17)","decl":{"start":{"line":183,"column":11},"end":{"line":183,"column":17}},"loc":{"start":{"line":183,"column":17},"end":{"line":186,"column":null}},"line":183},"18":{"name":"(anonymous_18)","decl":{"start":{"line":277,"column":20},"end":{"line":277,"column":21}},"loc":{"start":{"line":277,"column":27},"end":{"line":284,"column":null}},"line":277},"19":{"name":"(anonymous_19)","decl":{"start":{"line":285,"column":19},"end":{"line":285,"column":20}},"loc":{"start":{"line":285,"column":26},"end":{"line":287,"column":null}},"line":285}},"branchMap":{"0":{"loc":{"start":{"line":21,"column":2},"end":{"line":26,"column":null}},"type":"if","locations":[{"start":{"line":21,"column":2},"end":{"line":26,"column":null}},{"start":{"line":21,"column":36},"end":{"line":26,"column":null}}],"line":21},"1":{"loc":{"start":{"line":21,"column":36},"end":{"line":26,"column":null}},"type":"if","locations":[{"start":{"line":21,"column":36},"end":{"line":26,"column":null}},{"start":{"line":22,"column":42},"end":{"line":26,"column":null}}],"line":21},"2":{"loc":{"start":{"line":22,"column":42},"end":{"line":26,"column":null}},"type":"if","locations":[{"start":{"line":22,"column":42},"end":{"line":26,"column":null}},{"start":{"line":23,"column":42},"end":{"line":26,"column":null}}],"line":22},"3":{"loc":{"start":{"line":23,"column":42},"end":{"line":26,"column":null}},"type":"if","locations":[{"start":{"line":23,"column":42},"end":{"line":26,"column":null}},{"start":{"line":24,"column":42},"end":{"line":26,"column":null}}],"line":23},"4":{"loc":{"start":{"line":24,"column":42},"end":{"line":26,"column":null}},"type":"if","locations":[{"start":{"line":24,"column":42},"end":{"line":26,"column":null}},{"start":{"line":26,"column":7},"end":{"line":26,"column":null}}],"line":24},"5":{"loc":{"start":{"line":35,"column":2},"end":{"line":35,"column":null}},"type":"if","locations":[{"start":{"line":35,"column":2},"end":{"line":35,"column":null}},{"start":{},"end":{}}],"line":35},"6":{"loc":{"start":{"line":45,"column":12},"end":{"line":45,"column":null}},"type":"cond-expr","locations":[{"start":{"line":45,"column":24},"end":{"line":45,"column":28}},{"start":{"line":45,"column":28},"end":{"line":45,"column":null}}],"line":45},"7":{"loc":{"start":{"line":47,"column":2},"end":{"line":49,"column":null}},"type":"if","locations":[{"start":{"line":47,"column":2},"end":{"line":49,"column":null}},{"start":{},"end":{}}],"line":47},"8":{"loc":{"start":{"line":52,"column":4},"end":{"line":59,"column":null}},"type":"switch","locations":[{"start":{"line":53,"column":6},"end":{"line":54,"column":null}},{"start":{"line":55,"column":6},"end":{"line":56,"column":null}},{"start":{"line":57,"column":6},"end":{"line":58,"column":null}}],"line":52},"9":{"loc":{"start":{"line":54,"column":31},"end":{"line":54,"column":49}},"type":"cond-expr","locations":[{"start":{"line":54,"column":39},"end":{"line":54,"column":43}},{"start":{"line":54,"column":43},"end":{"line":54,"column":49}}],"line":54},"10":{"loc":{"start":{"line":74,"column":19},"end":{"line":74,"column":null}},"type":"cond-expr","locations":[{"start":{"line":74,"column":41},"end":{"line":74,"column":47}},{"start":{"line":74,"column":47},"end":{"line":74,"column":null}}],"line":74},"11":{"loc":{"start":{"line":75,"column":2},"end":{"line":78,"column":null}},"type":"if","locations":[{"start":{"line":75,"column":2},"end":{"line":78,"column":null}},{"start":{},"end":{}}],"line":75},"12":{"loc":{"start":{"line":89,"column":4},"end":{"line":89,"column":null}},"type":"if","locations":[{"start":{"line":89,"column":4},"end":{"line":89,"column":null}},{"start":{},"end":{}}],"line":89},"13":{"loc":{"start":{"line":121,"column":6},"end":{"line":121,"column":null}},"type":"if","locations":[{"start":{"line":121,"column":6},"end":{"line":121,"column":null}},{"start":{},"end":{}}],"line":121},"14":{"loc":{"start":{"line":128,"column":6},"end":{"line":134,"column":null}},"type":"if","locations":[{"start":{"line":128,"column":6},"end":{"line":134,"column":null}},{"start":{"line":131,"column":6},"end":{"line":134,"column":null}}],"line":128},"15":{"loc":{"start":{"line":128,"column":10},"end":{"line":128,"column":86}},"type":"binary-expr","locations":[{"start":{"line":128,"column":10},"end":{"line":128,"column":49}},{"start":{"line":128,"column":49},"end":{"line":128,"column":86}}],"line":128},"16":{"loc":{"start":{"line":131,"column":6},"end":{"line":134,"column":null}},"type":"if","locations":[{"start":{"line":131,"column":6},"end":{"line":134,"column":null}},{"start":{},"end":{}}],"line":131},"17":{"loc":{"start":{"line":131,"column":17},"end":{"line":131,"column":92}},"type":"binary-expr","locations":[{"start":{"line":131,"column":17},"end":{"line":131,"column":54}},{"start":{"line":131,"column":54},"end":{"line":131,"column":92}}],"line":131},"18":{"loc":{"start":{"line":157,"column":6},"end":{"line":157,"column":null}},"type":"if","locations":[{"start":{"line":157,"column":6},"end":{"line":157,"column":null}},{"start":{},"end":{}}],"line":157},"19":{"loc":{"start":{"line":160,"column":6},"end":{"line":160,"column":null}},"type":"if","locations":[{"start":{"line":160,"column":6},"end":{"line":160,"column":null}},{"start":{},"end":{}}],"line":160},"20":{"loc":{"start":{"line":164,"column":6},"end":{"line":168,"column":null}},"type":"if","locations":[{"start":{"line":164,"column":6},"end":{"line":168,"column":null}},{"start":{"line":166,"column":6},"end":{"line":168,"column":null}}],"line":164},"21":{"loc":{"start":{"line":166,"column":6},"end":{"line":168,"column":null}},"type":"if","locations":[{"start":{"line":166,"column":6},"end":{"line":168,"column":null}},{"start":{},"end":{}}],"line":166},"22":{"loc":{"start":{"line":178,"column":4},"end":{"line":178,"column":null}},"type":"if","locations":[{"start":{"line":178,"column":4},"end":{"line":178,"column":null}},{"start":{},"end":{}}],"line":178},"23":{"loc":{"start":{"line":279,"column":12},"end":{"line":283,"column":null}},"type":"if","locations":[{"start":{"line":279,"column":12},"end":{"line":283,"column":null}},{"start":{},"end":{}}],"line":279}},"s":{"0":1,"1":1,"2":1,"3":1,"4":1,"5":1,"6":0,"7":0,"8":0,"9":0,"10":0,"11":0,"12":0,"13":0,"14":0,"15":0,"16":0,"17":0,"18":0,"19":0,"20":0,"21":0,"22":0,"23":0,"24":0,"25":0,"26":0,"27":0,"28":0,"29":0,"30":0,"31":0,"32":0,"33":0,"34":0,"35":0,"36":0,"37":0,"38":0,"39":0,"40":1,"41":8,"42":8,"43":0,"44":8,"45":8,"46":8,"47":8,"48":8,"49":8,"50":8,"51":8,"52":8,"53":1,"54":7,"55":7,"56":3,"57":1,"58":3,"59":7,"60":1,"61":0,"62":1,"63":0,"64":0,"65":0,"66":0,"67":1,"68":8,"69":8,"70":8,"71":8,"72":8,"73":0,"74":0,"75":0,"76":0,"77":0,"78":0,"79":0,"80":0,"81":0,"82":0,"83":8,"84":0,"85":0,"86":0,"87":0,"88":0,"89":0,"90":8,"91":0,"92":0,"93":0,"94":0,"95":0,"96":8,"97":0,"98":0,"99":0,"100":0,"101":0,"102":0,"103":0,"104":0,"105":0,"106":0,"107":0,"108":0,"109":0,"110":8,"111":0,"112":0,"113":8,"114":0,"115":0,"116":8,"117":0,"118":0,"119":0,"120":0,"121":0,"122":0,"123":0,"124":0,"125":0,"126":0,"127":8,"128":0,"129":8,"130":8,"131":8,"132":0,"133":0,"134":0,"135":0,"136":0,"137":8,"138":8,"139":8,"140":8,"141":8,"142":8,"143":8,"144":0,"145":0,"146":0,"147":0,"148":0,"149":1},"f":{"0":0,"1":0,"2":8,"3":7,"4":0,"5":0,"6":8,"7":8,"8":0,"9":0,"10":0,"11":0,"12":0,"13":0,"14":0,"15":0,"16":8,"17":0,"18":0,"19":1},"b":{"0":[0,0],"1":[0,0],"2":[0,0],"3":[0,0],"4":[0,0],"5":[0,8],"6":[1,7],"7":[1,7],"8":[3,1,3],"9":[0,3],"10":[0,0],"11":[0,0],"12":[0,0],"13":[0,0],"14":[0,0],"15":[0,0],"16":[0,0],"17":[0,0],"18":[0,0],"19":[0,0],"20":[0,0],"21":[0,0],"22":[8,0],"23":[0,0]},"meta":{"lastBranch":24,"lastFunction":20,"lastStatement":150,"seen":{"s:207:8:207:9":0,"s:1:57:1:Infinity":1,"s:8:19:8:Infinity":2,"s:9:19:9:Infinity":3,"s:10:6:10:Infinity":4,"s:13:17:30:Infinity":5,"f:13:17:13:18":0,"s:14:16:14:Infinity":6,"s:15:16:15:Infinity":7,"s:16:12:16:Infinity":8,"s:17:12:17:Infinity":9,"s:18:12:18:Infinity":10,"s:20:10:20:13":11,"s:20:17:20:20":12,"s:20:24:20:Infinity":13,"b:21:2:26:Infinity:21:36:26:Infinity":0,"s:21:2:26:Infinity":14,"s:21:16:21:23":15,"s:21:23:21:30":16,"s:21:30:21:36":17,"b:21:36:26:Infinity:22:42:26:Infinity":1,"s:21:36:26:Infinity":18,"s:22:22:22:29":19,"s:22:29:22:36":20,"s:22:36:22:42":21,"b:22:42:26:Infinity:23:42:26:Infinity":2,"s:22:42:26:Infinity":22,"s:23:22:23:29":23,"s:23:29:23:36":24,"s:23:36:23:42":25,"b:23:42:26:Infinity:24:42:26:Infinity":3,"s:23:42:26:Infinity":26,"s:24:22:24:29":27,"s:24:29:24:36":28,"s:24:36:24:42":29,"b:24:42:26:Infinity:26:7:26:Infinity":4,"s:24:42:26:Infinity":30,"s:25:22:25:29":31,"s:25:29:25:36":32,"s:25:36:25:42":33,"s:26:9:26:16":34,"s:26:16:26:23":35,"s:26:23:26:29":36,"s:28:16:28:Infinity":37,"f:28:16:28:17":1,"s:28:31:28:Infinity":38,"s:29:2:29:Infinity":39,"s:33:17:63:Infinity":40,"f:33:17:33:18":2,"s:34:17:34:Infinity":41,"b:35:2:35:Infinity:undefined:undefined:undefined:undefined":5,"s:35:2:35:Infinity":42,"s:35:15:35:Infinity":43,"s:37:12:37:Infinity":44,"s:38:12:38:Infinity":45,"s:39:12:39:Infinity":46,"s:41:14:41:Infinity":47,"s:42:14:42:Infinity":48,"s:43:12:43:Infinity":49,"s:44:12:44:Infinity":50,"s:45:12:45:Infinity":51,"b:45:24:45:28:45:28:45:Infinity":6,"b:47:2:49:Infinity:undefined:undefined:undefined:undefined":7,"s:47:2:49:Infinity":52,"s:48:4:48:Infinity":53,"s:51:8:60:Infinity":54,"f:51:13:51:19":3,"b:53:6:54:Infinity:55:6:56:Infinity:57:6:58:Infinity":8,"s:52:4:59:Infinity":55,"s:54:8:54:Infinity":56,"b:54:39:54:43:54:43:54:49":9,"s:56:8:56:Infinity":57,"s:58:8:58:Infinity":58,"s:62:2:62:Infinity":59,"s:68:19:70:Infinity":60,"f:68:19:68:20":4,"s:69:2:69:Infinity":61,"s:73:21:80:Infinity":62,"f:73:21:73:22":5,"s:74:19:74:Infinity":63,"b:74:41:74:47:74:47:74:Infinity":10,"b:75:2:78:Infinity:undefined:undefined:undefined:undefined":11,"s:75:2:78:Infinity":64,"s:77:4:77:Infinity":65,"s:79:2:79:Infinity":66,"s:82:26:293:Infinity":67,"f:82:26:82:27":6,"s:83:23:83:Infinity":68,"s:84:24:84:Infinity":69,"f:84:33:84:39":7,"s:84:39:84:54":70,"s:85:34:85:Infinity":71,"s:87:31:99:Infinity":72,"f:87:43:87:44":8,"s:88:22:88:Infinity":73,"b:89:4:89:Infinity:undefined:undefined:undefined:undefined":12,"s:89:4:89:Infinity":74,"s:89:20:89:Infinity":75,"s:91:17:91:Infinity":76,"s:92:20:92:Infinity":77,"s:93:20:93:Infinity":78,"s:94:14:94:Infinity":79,"s:95:14:95:Infinity":80,"s:96:21:96:Infinity":81,"s:98:4:98:Infinity":82,"s:101:19:108:Infinity":83,"f:101:31:101:32":9,"s:102:23:102:Infinity":84,"s:103:14:103:Infinity":85,"s:104:14:104:Infinity":86,"s:105:19:105:Infinity":87,"s:106:4:106:Infinity":88,"s:107:4:107:Infinity":89,"s:110:20:116:Infinity":90,"f:110:32:110:33":10,"s:111:18:111:Infinity":91,"s:112:10:112:Infinity":92,"s:113:19:113:Infinity":93,"s:114:4:114:Infinity":94,"s:115:4:115:Infinity":95,"s:118:26:137:Infinity":96,"f:119:4:119:5":11,"s:120:18:120:Infinity":97,"b:121:6:121:Infinity:undefined:undefined:undefined:undefined":13,"s:121:6:121:Infinity":98,"s:121:16:121:Infinity":99,"s:123:33:123:Infinity":100,"s:124:25:124:Infinity":101,"s:125:26:125:Infinity":102,"s:127:22:127:Infinity":103,"b:128:6:134:Infinity:131:6:134:Infinity":14,"s:128:6:134:Infinity":104,"b:128:10:128:49:128:49:128:86":15,"s:129:8:129:Infinity":105,"s:130:8:130:Infinity":106,"b:131:6:134:Infinity:undefined:undefined:undefined:undefined":16,"s:131:6:134:Infinity":107,"b:131:17:131:54:131:54:131:92":17,"s:132:8:132:Infinity":108,"s:133:8:133:Infinity":109,"s:139:37:145:Infinity":110,"f:140:4:140:5":12,"s:141:6:141:Infinity":111,"s:142:6:142:Infinity":112,"s:147:38:153:Infinity":113,"f:148:4:148:5":13,"s:149:6:149:Infinity":114,"s:150:6:150:Infinity":115,"s:155:26:171:Infinity":116,"f:156:4:156:5":14,"b:157:6:157:Infinity:undefined:undefined:undefined:undefined":18,"s:157:6:157:Infinity":117,"s:157:31:157:Infinity":118,"s:159:18:159:Infinity":119,"b:160:6:160:Infinity:undefined:undefined:undefined:undefined":19,"s:160:6:160:Infinity":120,"s:160:16:160:Infinity":121,"s:162:23:162:Infinity":122,"b:164:6:168:Infinity:166:6:168:Infinity":20,"s:164:6:168:Infinity":123,"s:165:8:165:Infinity":124,"b:166:6:168:Infinity:undefined:undefined:undefined:undefined":21,"s:166:6:168:Infinity":125,"s:167:8:167:Infinity":126,"s:173:24:175:Infinity":127,"f:173:36:173:42":15,"s:174:4:174:Infinity":128,"s:177:2:187:Infinity":129,"f:177:12:177:18":16,"b:178:4:178:Infinity:undefined:undefined:undefined:undefined":22,"s:178:4:178:Infinity":130,"s:178:29:178:Infinity":131,"s:180:4:180:Infinity":132,"s:181:4:181:Infinity":133,"s:183:4:186:Infinity":134,"f:183:11:183:17":17,"s:184:6:184:Infinity":135,"s:185:6:185:Infinity":136,"s:190:19:190:Infinity":137,"s:191:21:191:Infinity":138,"s:192:24:192:Infinity":139,"s:193:24:193:Infinity":140,"s:195:24:195:Infinity":141,"s:196:8:196:Infinity":142,"s:198:2:291:Infinity":143,"f:277:20:277:21":18,"s:278:25:278:Infinity":144,"b:279:12:283:Infinity:undefined:undefined:undefined:undefined":23,"s:279:12:283:Infinity":145,"s:280:33:280:Infinity":146,"s:281:14:281:Infinity":147,"s:282:14:282:Infinity":148,"f:285:19:285:20":19,"s:286:13:286:Infinity":149}}}
,"/Users/katsuya.yoshizumi/git-usapo/paint/src/features/toolbar/components/Toolbar.tsx": {"path":"/Users/katsuya.yoshizumi/git-usapo/paint/src/features/toolbar/components/Toolbar.tsx","statementMap":{"0":{"start":{"line":20,"column":6},"end":{"line":20,"column":7}},"1":{"start":{"line":11,"column":23},"end":{"line":42,"column":null}},"2":{"start":{"line":18,"column":2},"end":{"line":40,"column":null}}},"fnMap":{"0":{"name":"(anonymous_0)","decl":{"start":{"line":11,"column":23},"end":{"line":11,"column":24}},"loc":{"start":{"line":17,"column":20},"end":{"line":42,"column":null}},"line":17}},"branchMap":{},"s":{"0":1,"1":1,"2":6},"f":{"0":6},"b":{},"meta":{"lastBranch":0,"lastFunction":1,"lastStatement":3,"seen":{"s:20:6:20:7":0,"s:11:23:42:Infinity":1,"f:11:23:11:24":0,"s:18:2:40:Infinity":2}}}
,"/Users/katsuya.yoshizumi/git-usapo/paint/src/lib/utils.ts": {"path":"/Users/katsuya.yoshizumi/git-usapo/paint/src/lib/utils.ts","statementMap":{"0":{"start":{"line":5,"column":2},"end":{"line":5,"column":null}}},"fnMap":{"0":{"name":"cn","decl":{"start":{"line":4,"column":16},"end":{"line":4,"column":22}},"loc":{"start":{"line":4,"column":44},"end":{"line":6,"column":null}},"line":4}},"branchMap":{},"s":{"0":122},"f":{"0":122},"b":{},"meta":{"lastBranch":0,"lastFunction":1,"lastStatement":1,"seen":{"f:4:16:4:22":0,"s:5:2:5:Infinity":0}}}
}
